{
  "stats": {
    "suites": 12,
    "tests": 41,
    "passes": 18,
    "pending": 0,
    "failures": 23,
    "start": "2021-09-10T21:56:44.374Z",
    "end": "2021-09-10T21:58:20.936Z",
    "duration": 96562,
    "testsRegistered": 41,
    "passPercent": 43.90243902439025,
    "pendingPercent": 0,
    "other": 0,
    "hasOther": false,
    "skipped": 0,
    "hasSkipped": false
  },
  "results": [
    {
      "uuid": "11be4305-cf45-4f93-9126-076783d6e75e",
      "title": "",
      "fullFile": "cypress/integration/project.spec.js",
      "file": "cypress/integration/project.spec.js",
      "beforeHooks": [],
      "afterHooks": [],
      "tests": [],
      "suites": [
        {
          "uuid": "5f543cf9-6a80-4187-a928-51d1f11c3dd8",
          "title": "1 - Adicione à página o título \"Paleta de Cores\".",
          "fullFile": "",
          "file": "",
          "beforeHooks": [],
          "afterHooks": [],
          "tests": [
            {
              "title": "Verifica se contém um elemento `h1` com o id `title` com o título correto",
              "fullTitle": "1 - Adicione à página o título \"Paleta de Cores\". Verifica se contém um elemento `h1` com o id `title` com o título correto",
              "timedOut": null,
              "duration": 110,
              "state": "passed",
              "speed": "slow",
              "pass": true,
              "fail": false,
              "pending": false,
              "context": null,
              "code": "cy.get('h1#title').should('contain.text', 'Paleta de Cores');",
              "err": {},
              "uuid": "98f42055-193a-4e48-8c22-0b998f40fc21",
              "parentUUID": "5f543cf9-6a80-4187-a928-51d1f11c3dd8",
              "isHook": false,
              "skipped": false
            }
          ],
          "suites": [],
          "passes": [
            "98f42055-193a-4e48-8c22-0b998f40fc21"
          ],
          "failures": [],
          "pending": [],
          "skipped": [],
          "duration": 110,
          "root": false,
          "rootEmpty": false,
          "_timeout": 2000
        },
        {
          "uuid": "ccdc5c16-0278-4ac8-a9c1-940f51b7d710",
          "title": "2 - Adicione à página uma paleta de quatro cores distintas.",
          "fullFile": "",
          "file": "",
          "beforeHooks": [],
          "afterHooks": [],
          "tests": [
            {
              "title": "A paleta de cores deve ser um elemento com `id` denominado `color-palette`",
              "fullTitle": "2 - Adicione à página uma paleta de quatro cores distintas. A paleta de cores deve ser um elemento com `id` denominado `color-palette`",
              "timedOut": null,
              "duration": 49,
              "state": "passed",
              "speed": "medium",
              "pass": true,
              "fail": false,
              "pending": false,
              "context": null,
              "code": "cy.get('#color-palette').should('be.visible');\ncy.get('#color-palette').children('.color');",
              "err": {},
              "uuid": "ab73bfab-d6d1-41fd-b3e7-339fc2b28ed5",
              "parentUUID": "ccdc5c16-0278-4ac8-a9c1-940f51b7d710",
              "isHook": false,
              "skipped": false
            },
            {
              "title": "Verifica se cada cor individual da paleta de cores possui a `classe` chamada `color`.",
              "fullTitle": "2 - Adicione à página uma paleta de quatro cores distintas. Verifica se cada cor individual da paleta de cores possui a `classe` chamada `color`.",
              "timedOut": null,
              "duration": 66,
              "state": "passed",
              "speed": "medium",
              "pass": true,
              "fail": false,
              "pending": false,
              "context": null,
              "code": "cy.get('.color').should('have.length', 4).then(function (colors) {\n  for (var i = 0; i < colors.length; i++) {\n    cy.wrap(colors[i]).should('be.visible');\n  }\n});",
              "err": {},
              "uuid": "0ee47ce5-38ea-4792-b17b-4c4c0c24553e",
              "parentUUID": "ccdc5c16-0278-4ac8-a9c1-940f51b7d710",
              "isHook": false,
              "skipped": false
            },
            {
              "title": "Verifica se a cor de fundo de cada elemento da paleta é a cor que o elemento representa. **A única cor não permitida na paleta é a cor branca.**",
              "fullTitle": "2 - Adicione à página uma paleta de quatro cores distintas. Verifica se a cor de fundo de cada elemento da paleta é a cor que o elemento representa. **A única cor não permitida na paleta é a cor branca.**",
              "timedOut": null,
              "duration": 102,
              "state": "passed",
              "speed": "slow",
              "pass": true,
              "fail": false,
              "pending": false,
              "context": null,
              "code": "cy.get('.color').each(function (color) {\n  cy.wrap(color).should('have.class', 'color').and('not.have.css', 'background-color', WHITE);\n  cy.wrap(color).should('have.css', 'background-color');\n});",
              "err": {},
              "uuid": "f0265153-e03c-4641-88c4-fcbc649bce19",
              "parentUUID": "ccdc5c16-0278-4ac8-a9c1-940f51b7d710",
              "isHook": false,
              "skipped": false
            },
            {
              "title": "Verifica se cada elemento da paleta de cores tem uma borda preta, sólida e com 1 pixel de largura;",
              "fullTitle": "2 - Adicione à página uma paleta de quatro cores distintas. Verifica se cada elemento da paleta de cores tem uma borda preta, sólida e com 1 pixel de largura;",
              "timedOut": null,
              "duration": 59,
              "state": "passed",
              "speed": "medium",
              "pass": true,
              "fail": false,
              "pending": false,
              "context": null,
              "code": "cy.get('.color').each(function (color) {\n  cy.wrap(color).and('have.css', 'border', \"1px solid \".concat(BLACK)).and('have.class', 'color');\n});",
              "err": {},
              "uuid": "bbbf9d82-ce30-4e3a-a4b1-c34f5473c8a8",
              "parentUUID": "ccdc5c16-0278-4ac8-a9c1-940f51b7d710",
              "isHook": false,
              "skipped": false
            },
            {
              "title": "Verifica se a paleta lista todas as cores disponíveis para utilização, lado a lado.",
              "fullTitle": "2 - Adicione à página uma paleta de quatro cores distintas. Verifica se a paleta lista todas as cores disponíveis para utilização, lado a lado.",
              "timedOut": null,
              "duration": 84,
              "state": "passed",
              "speed": "slow",
              "pass": true,
              "fail": false,
              "pending": false,
              "context": null,
              "code": "cy.get('.color').then(function (colors) {\n  for (var index = 1; index < colors.length; index += 1) {\n    var currentColor = colors[index];\n    var previousColor = colors[index - 1];\n    cy.wrap(currentColor).should('be.onTheRightOf', previousColor).and('be.horizontallyAlignedWith', previousColor);\n  }\n});",
              "err": {},
              "uuid": "371399bb-ea9a-478c-9287-d5ff492b9f2c",
              "parentUUID": "ccdc5c16-0278-4ac8-a9c1-940f51b7d710",
              "isHook": false,
              "skipped": false
            },
            {
              "title": "Verifica se a paleta de cores está posicionada abaixo do título 'Paleta de Cores'",
              "fullTitle": "2 - Adicione à página uma paleta de quatro cores distintas. Verifica se a paleta de cores está posicionada abaixo do título 'Paleta de Cores'",
              "timedOut": null,
              "duration": 82,
              "state": "passed",
              "speed": "slow",
              "pass": true,
              "fail": false,
              "pending": false,
              "context": null,
              "code": "cy.get('h1#title').then(function (title) {\n  cy.get('#color-palette').should('be.belowOf', title);\n});",
              "err": {},
              "uuid": "29b80bd2-e222-41b2-821b-8f0548873f9e",
              "parentUUID": "ccdc5c16-0278-4ac8-a9c1-940f51b7d710",
              "isHook": false,
              "skipped": false
            },
            {
              "title": "Verifica se a paleta de cores não contém cores repetidas.",
              "fullTitle": "2 - Adicione à página uma paleta de quatro cores distintas. Verifica se a paleta de cores não contém cores repetidas.",
              "timedOut": null,
              "duration": 90,
              "state": "passed",
              "speed": "slow",
              "pass": true,
              "fail": false,
              "pending": false,
              "context": null,
              "code": "cy.get('.color').then(function (colors) {\n  var allColors = Array.from(colors).map(function (color) {\n    return Cypress.$(color).css('background-color');\n  });\n  cy.log(allColors);\n  var uniqColors = (0, _toConsumableArray2[\"default\"])(new Set(allColors));\n  cy.log(uniqColors);\n  expect(allColors.length).to.eq(uniqColors.length);\n});",
              "err": {},
              "uuid": "3bf741fb-296f-424c-9d88-1faa40966a3b",
              "parentUUID": "ccdc5c16-0278-4ac8-a9c1-940f51b7d710",
              "isHook": false,
              "skipped": false
            }
          ],
          "suites": [],
          "passes": [
            "ab73bfab-d6d1-41fd-b3e7-339fc2b28ed5",
            "0ee47ce5-38ea-4792-b17b-4c4c0c24553e",
            "f0265153-e03c-4641-88c4-fcbc649bce19",
            "bbbf9d82-ce30-4e3a-a4b1-c34f5473c8a8",
            "371399bb-ea9a-478c-9287-d5ff492b9f2c",
            "29b80bd2-e222-41b2-821b-8f0548873f9e",
            "3bf741fb-296f-424c-9d88-1faa40966a3b"
          ],
          "failures": [],
          "pending": [],
          "skipped": [],
          "duration": 532,
          "root": false,
          "rootEmpty": false,
          "_timeout": 2000
        },
        {
          "uuid": "ec6578d7-5e1a-4329-9f1c-434ecc941f28",
          "title": "3 - Adicione a cor **preta** como a primeira cor da paleta de cores.",
          "fullFile": "",
          "file": "",
          "beforeHooks": [],
          "afterHooks": [],
          "tests": [
            {
              "title": "Verifica se a primeira cor da paleta é preta",
              "fullTitle": "3 - Adicione a cor **preta** como a primeira cor da paleta de cores. Verifica se a primeira cor da paleta é preta",
              "timedOut": null,
              "duration": 75,
              "state": "passed",
              "speed": "medium",
              "pass": true,
              "fail": false,
              "pending": false,
              "context": null,
              "code": "cy.get('.color').first().should('have.css', 'background-color', BLACK);",
              "err": {},
              "uuid": "ba0d2bd8-defa-4695-8aff-034c989cc20a",
              "parentUUID": "ec6578d7-5e1a-4329-9f1c-434ecc941f28",
              "isHook": false,
              "skipped": false
            },
            {
              "title": "Verifica se as demais cores podem ser escolhidas livremente.",
              "fullTitle": "3 - Adicione a cor **preta** como a primeira cor da paleta de cores. Verifica se as demais cores podem ser escolhidas livremente.",
              "timedOut": null,
              "duration": 114,
              "state": "passed",
              "speed": "slow",
              "pass": true,
              "fail": false,
              "pending": false,
              "context": null,
              "code": "cy.get('.color').eq(1).should('not.have.css', 'background-color', BLACK);\ncy.get('.color').eq(1).should('not.have.css', 'background-color', WHITE);\ncy.get('.color').eq(1).should('not.have.css', 'background-color', 'rgba(0, 0, 0, 0)');\ncy.get('.color').eq(1).should('have.css', 'background-color');\ncy.get('.color').eq(2).should('not.have.css', 'background-color', BLACK);\ncy.get('.color').eq(2).should('not.have.css', 'background-color', WHITE);\ncy.get('.color').eq(2).should('not.have.css', 'background-color', 'rgba(0, 0, 0, 0)');\ncy.get('.color').eq(2).should('have.css', 'background-color');\ncy.get('.color').eq(3).should('not.have.css', 'background-color', BLACK);\ncy.get('.color').eq(3).should('not.have.css', 'background-color', WHITE);\ncy.get('.color').eq(3).should('not.have.css', 'background-color', 'rgba(0, 0, 0, 0)');\ncy.get('.color').eq(3).should('have.css', 'background-color');",
              "err": {},
              "uuid": "2d51188c-8385-4a05-9599-f5d7fa111512",
              "parentUUID": "ec6578d7-5e1a-4329-9f1c-434ecc941f28",
              "isHook": false,
              "skipped": false
            }
          ],
          "suites": [],
          "passes": [
            "ba0d2bd8-defa-4695-8aff-034c989cc20a",
            "2d51188c-8385-4a05-9599-f5d7fa111512"
          ],
          "failures": [],
          "pending": [],
          "skipped": [],
          "duration": 189,
          "root": false,
          "rootEmpty": false,
          "_timeout": 2000
        },
        {
          "uuid": "ebc88336-4278-4a54-a6a8-ceeef0ba4111",
          "title": "4 - Adicione à página um quadro de pixels, com 25 pixels.",
          "fullFile": "",
          "file": "",
          "beforeHooks": [],
          "afterHooks": [],
          "tests": [
            {
              "title": "Verifica se o quadro de pixels possui o `id` denominado `pixel-board`",
              "fullTitle": "4 - Adicione à página um quadro de pixels, com 25 pixels. Verifica se o quadro de pixels possui o `id` denominado `pixel-board`",
              "timedOut": null,
              "duration": 56,
              "state": "passed",
              "speed": "medium",
              "pass": true,
              "fail": false,
              "pending": false,
              "context": null,
              "code": "cy.get('#pixel-board').should('be.visible');",
              "err": {},
              "uuid": "5c876d12-4577-46d1-8307-1f10e3912184",
              "parentUUID": "ebc88336-4278-4a54-a6a8-ceeef0ba4111",
              "isHook": false,
              "skipped": false
            },
            {
              "title": "Verifica se cada pixel individual dentro do quadro possui a `classe` denominada `pixel`.",
              "fullTitle": "4 - Adicione à página um quadro de pixels, com 25 pixels. Verifica se cada pixel individual dentro do quadro possui a `classe` denominada `pixel`.",
              "timedOut": null,
              "duration": 76,
              "state": "passed",
              "speed": "slow",
              "pass": true,
              "fail": false,
              "pending": false,
              "context": null,
              "code": "cy.get('.pixel').should('have.length', 25);",
              "err": {},
              "uuid": "e10e84d6-2f8d-4485-bacf-863fda983e77",
              "parentUUID": "ebc88336-4278-4a54-a6a8-ceeef0ba4111",
              "isHook": false,
              "skipped": false
            },
            {
              "title": "Verifica se a cor inicial dos pixels dentro do quadro, ao abrir a página, é branca.",
              "fullTitle": "4 - Adicione à página um quadro de pixels, com 25 pixels. Verifica se a cor inicial dos pixels dentro do quadro, ao abrir a página, é branca.",
              "timedOut": null,
              "duration": 110,
              "state": "passed",
              "speed": "slow",
              "pass": true,
              "fail": false,
              "pending": false,
              "context": null,
              "code": "cy.get('.pixel').should('have.length', 25).each(function (pixel) {\n  expect(pixel).to.have.css('background-color', WHITE);\n});",
              "err": {},
              "uuid": "4158a6cb-917f-47c9-92dc-ac3bd5316ef4",
              "parentUUID": "ebc88336-4278-4a54-a6a8-ceeef0ba4111",
              "isHook": false,
              "skipped": false
            },
            {
              "title": "Verifica se o quadro de pixels aparece abaixo da paleta de cores",
              "fullTitle": "4 - Adicione à página um quadro de pixels, com 25 pixels. Verifica se o quadro de pixels aparece abaixo da paleta de cores",
              "timedOut": null,
              "duration": 59,
              "state": "passed",
              "speed": "medium",
              "pass": true,
              "fail": false,
              "pending": false,
              "context": null,
              "code": "cy.get('#color-palette').then(function (palette) {\n  cy.get('#pixel-board').should('be.belowOf', palette);\n});",
              "err": {},
              "uuid": "97153979-a7fc-42e2-af27-1c5cedbe16bb",
              "parentUUID": "ebc88336-4278-4a54-a6a8-ceeef0ba4111",
              "isHook": false,
              "skipped": false
            }
          ],
          "suites": [],
          "passes": [
            "5c876d12-4577-46d1-8307-1f10e3912184",
            "e10e84d6-2f8d-4485-bacf-863fda983e77",
            "4158a6cb-917f-47c9-92dc-ac3bd5316ef4",
            "97153979-a7fc-42e2-af27-1c5cedbe16bb"
          ],
          "failures": [],
          "pending": [],
          "skipped": [],
          "duration": 301,
          "root": false,
          "rootEmpty": false,
          "_timeout": 2000
        },
        {
          "uuid": "1a5160c8-6892-4126-9b66-33de83b98918",
          "title": "5 - Faça com que cada elemento do quadro de pixels possua 40 pixels de largura, 40 pixels de altura e seja delimitado por uma borda preta de 1 pixel.",
          "fullFile": "",
          "file": "",
          "beforeHooks": [],
          "afterHooks": [],
          "tests": [
            {
              "title": "Verifica se o quadro de pixels tem altura e comprimento de 5 elementos",
              "fullTitle": "5 - Faça com que cada elemento do quadro de pixels possua 40 pixels de largura, 40 pixels de altura e seja delimitado por uma borda preta de 1 pixel. Verifica se o quadro de pixels tem altura e comprimento de 5 elementos",
              "timedOut": null,
              "duration": 173,
              "state": "passed",
              "speed": "slow",
              "pass": true,
              "fail": false,
              "pending": false,
              "context": null,
              "code": "cy.get('.pixel').should('have.length', 25).each(function (pixel) {\n  expect(pixel).to.have.css('background-color', WHITE);\n}).and(function (pixels) {\n  var rows = chunk(pixels, 5);\n  rows.forEach(function (row) {\n    for (var index = 1; index < row.length; index += 1) {\n      var current = pixels[index];\n      var previous = pixels[index - 1];\n      cy.wrap(current).should('be.onTheRightOf', previous).and('be.horizontallyAlignedWith', previous);\n    }\n  });\n  for (var index = 1; index < 5; index += 1) {\n    expect(pixels[index * 5]).to.be.belowOf(pixels[(index - 1) * 5]);\n  }\n});",
              "err": {},
              "uuid": "c74e2d7f-5f2b-40f5-b045-bb78b61e2450",
              "parentUUID": "1a5160c8-6892-4126-9b66-33de83b98918",
              "isHook": false,
              "skipped": false
            },
            {
              "title": "Verifica se 40 pixels é o tamanho total do elemento, incluindo seu conteúdo e excluindo a borda preta, que deve ser criada à parte.",
              "fullTitle": "5 - Faça com que cada elemento do quadro de pixels possua 40 pixels de largura, 40 pixels de altura e seja delimitado por uma borda preta de 1 pixel. Verifica se 40 pixels é o tamanho total do elemento, incluindo seu conteúdo e excluindo a borda preta, que deve ser criada à parte.",
              "timedOut": null,
              "duration": 4208,
              "state": "failed",
              "speed": null,
              "pass": false,
              "fail": true,
              "pending": false,
              "context": null,
              "code": "cy.get('.pixel').each(function (pixel) {\n  cy.wrap(pixel).should('have.css', 'height', '40px').and('have.css', 'width', '40px').and('have.css', 'border', \"1px solid \".concat(BLACK));\n});",
              "err": {
                "message": "CypressError: Timed out retrying: expected '<div.pixel>' to have CSS property 'height' with the value '40px', but the value was '100px'",
                "estack": "CypressError: Timed out retrying: expected '<div.pixel>' to have CSS property 'height' with the value '40px', but the value was '100px'\n    at cypressErr (http://localhost:40199/__cypress/runner/cypress_runner.js:149934:9)\n    at throwErr (http://localhost:40199/__cypress/runner/cypress_runner.js:149867:11)\n    at Object.throwErrByPath (http://localhost:40199/__cypress/runner/cypress_runner.js:149915:3)\n    at retry (http://localhost:40199/__cypress/runner/cypress_runner.js:144197:19)\n    at onFailFn (http://localhost:40199/__cypress/runner/cypress_runner.js:132448:16)\n    at tryCatcher (http://localhost:40199/__cypress/runner/cypress_runner.js:167415:23)\n    at Promise._settlePromiseFromHandler (http://localhost:40199/__cypress/runner/cypress_runner.js:165351:31)\n    at Promise._settlePromise (http://localhost:40199/__cypress/runner/cypress_runner.js:165408:18)\n    at Promise._settlePromise0 (http://localhost:40199/__cypress/runner/cypress_runner.js:165453:10)\n    at Promise._settlePromises (http://localhost:40199/__cypress/runner/cypress_runner.js:165528:18)\n    at Async../node_modules/bluebird/js/release/async.js.Async._drainQueue (http://localhost:40199/__cypress/runner/cypress_runner.js:162140:16)\n    at Async../node_modules/bluebird/js/release/async.js.Async._drainQueues (http://localhost:40199/__cypress/runner/cypress_runner.js:162150:10)\n    at Async.drainQueues (http://localhost:40199/__cypress/runner/cypress_runner.js:162024:14)",
                "diff": null
              },
              "uuid": "3201a729-c90a-466e-8ae8-d8d792daa34f",
              "parentUUID": "1a5160c8-6892-4126-9b66-33de83b98918",
              "isHook": false,
              "skipped": false
            }
          ],
          "suites": [],
          "passes": [
            "c74e2d7f-5f2b-40f5-b045-bb78b61e2450"
          ],
          "failures": [
            "3201a729-c90a-466e-8ae8-d8d792daa34f"
          ],
          "pending": [],
          "skipped": [],
          "duration": 4381,
          "root": false,
          "rootEmpty": false,
          "_timeout": 2000
        },
        {
          "uuid": "665ed0e4-9f96-4823-883d-471e5a8db5cb",
          "title": "6 - Defina a cor preta como cor inicial. Ao carregar a página a cor preta já deve estar selecionada para pintar os pixels",
          "fullFile": "",
          "file": "",
          "beforeHooks": [],
          "afterHooks": [],
          "tests": [
            {
              "title": "Verifica se o elemento da cor preta possui, inicialmente, a `classe` `selected`",
              "fullTitle": "6 - Defina a cor preta como cor inicial. Ao carregar a página a cor preta já deve estar selecionada para pintar os pixels Verifica se o elemento da cor preta possui, inicialmente, a `classe` `selected`",
              "timedOut": null,
              "duration": 4189,
              "state": "failed",
              "speed": null,
              "pass": false,
              "fail": true,
              "pending": false,
              "context": null,
              "code": "cy.get('.selected').first().should('have.css', 'background-color', BLACK);",
              "err": {
                "message": "CypressError: Timed out retrying: Expected to find element: '.selected', but never found it.",
                "estack": "CypressError: Timed out retrying: Expected to find element: '.selected', but never found it.\n    at cypressErr (http://localhost:40199/__cypress/runner/cypress_runner.js:149934:9)\n    at throwErr (http://localhost:40199/__cypress/runner/cypress_runner.js:149867:11)\n    at Object.throwErrByPath (http://localhost:40199/__cypress/runner/cypress_runner.js:149915:3)\n    at retry (http://localhost:40199/__cypress/runner/cypress_runner.js:144197:19)\n    at onFailFn (http://localhost:40199/__cypress/runner/cypress_runner.js:132448:16)\n    at tryCatcher (http://localhost:40199/__cypress/runner/cypress_runner.js:167415:23)\n    at Promise._settlePromiseFromHandler (http://localhost:40199/__cypress/runner/cypress_runner.js:165351:31)\n    at Promise._settlePromise (http://localhost:40199/__cypress/runner/cypress_runner.js:165408:18)\n    at Promise._settlePromise0 (http://localhost:40199/__cypress/runner/cypress_runner.js:165453:10)\n    at Promise._settlePromises (http://localhost:40199/__cypress/runner/cypress_runner.js:165528:18)\n    at Async../node_modules/bluebird/js/release/async.js.Async._drainQueue (http://localhost:40199/__cypress/runner/cypress_runner.js:162140:16)\n    at Async../node_modules/bluebird/js/release/async.js.Async._drainQueues (http://localhost:40199/__cypress/runner/cypress_runner.js:162150:10)\n    at Async.drainQueues (http://localhost:40199/__cypress/runner/cypress_runner.js:162024:14)",
                "diff": null
              },
              "uuid": "2c4db046-46b7-4f16-b9d5-2f6e87937df6",
              "parentUUID": "665ed0e4-9f96-4823-883d-471e5a8db5cb",
              "isHook": false,
              "skipped": false
            },
            {
              "title": "Verifica se nenhuma outra cor da paleta tem a `classe` `selected`",
              "fullTitle": "6 - Defina a cor preta como cor inicial. Ao carregar a página a cor preta já deve estar selecionada para pintar os pixels Verifica se nenhuma outra cor da paleta tem a `classe` `selected`",
              "timedOut": null,
              "duration": 79,
              "state": "passed",
              "speed": "slow",
              "pass": true,
              "fail": false,
              "pending": false,
              "context": null,
              "code": "cy.get('.color:not(:first-child)').each(function (color) {\n  cy.wrap(color).should('not.have.class', 'selected');\n});",
              "err": {},
              "uuid": "66c34da7-313d-4cdb-aaed-c5502dbdd6fc",
              "parentUUID": "665ed0e4-9f96-4823-883d-471e5a8db5cb",
              "isHook": false,
              "skipped": false
            }
          ],
          "suites": [],
          "passes": [
            "66c34da7-313d-4cdb-aaed-c5502dbdd6fc"
          ],
          "failures": [
            "2c4db046-46b7-4f16-b9d5-2f6e87937df6"
          ],
          "pending": [],
          "skipped": [],
          "duration": 4268,
          "root": false,
          "rootEmpty": false,
          "_timeout": 2000
        },
        {
          "uuid": "25e918b3-b299-49cf-b6b9-9e8575ca57cf",
          "title": "7 - Clicar em uma das cores da paleta, faz com que ela seja selecionada e utilizada para preencher os pixels no quadro.",
          "fullFile": "",
          "file": "",
          "beforeHooks": [],
          "afterHooks": [],
          "tests": [
            {
              "title": "Verifica se somente uma cor da paleta de cores tem a classe `selected` de cada vez",
              "fullTitle": "7 - Clicar em uma das cores da paleta, faz com que ela seja selecionada e utilizada para preencher os pixels no quadro. Verifica se somente uma cor da paleta de cores tem a classe `selected` de cada vez",
              "timedOut": null,
              "duration": 257,
              "state": "failed",
              "speed": null,
              "pass": false,
              "fail": true,
              "pending": false,
              "context": null,
              "code": "cy.get('.color').each(function (selectedColor, selectedColorIndex) {\n  cy.wrap(selectedColor).click();\n  cy.get('.color').each(function (color, colorIndex) {\n    if (colorIndex === selectedColorIndex) {\n      expect(color).to.have[\"class\"]('selected');\n    } else {\n      expect(color).not.to.have[\"class\"]('selected');\n    }\n  });\n});",
              "err": {
                "message": "AssertionError: expected '<div.color>' to have class 'selected'",
                "estack": "AssertionError: expected '<div.color>' to have class 'selected'\n    at callback (http://localhost:40199/__cypress/runner/cypress_runner.js:136947:20)\n    at getRet (http://localhost:40199/__cypress/runner/cypress_runner.js:136585:16)\n    at tryCatcher (http://localhost:40199/__cypress/runner/cypress_runner.js:167415:23)\n    at Function.Promise.attempt.Promise.try (http://localhost:40199/__cypress/runner/cypress_runner.js:164690:29)\n    at thenFn (http://localhost:40199/__cypress/runner/cypress_runner.js:136599:23)\n    at yieldItem (http://localhost:40199/__cypress/runner/cypress_runner.js:136954:16)\n    at tryCatcher (http://localhost:40199/__cypress/runner/cypress_runner.js:167415:23)\n    at Object.gotValue (http://localhost:40199/__cypress/runner/cypress_runner.js:166557:18)\n    at Object.gotAccum (http://localhost:40199/__cypress/runner/cypress_runner.js:166546:25)\n    at Object.tryCatcher (http://localhost:40199/__cypress/runner/cypress_runner.js:167415:23)\n    at Promise._settlePromiseFromHandler (http://localhost:40199/__cypress/runner/cypress_runner.js:165351:31)\n    at Promise._settlePromise (http://localhost:40199/__cypress/runner/cypress_runner.js:165408:18)\n    at Promise._settlePromiseCtx (http://localhost:40199/__cypress/runner/cypress_runner.js:165445:10)\n    at Async../node_modules/bluebird/js/release/async.js.Async._drainQueue (http://localhost:40199/__cypress/runner/cypress_runner.js:162145:12)\n    at Async../node_modules/bluebird/js/release/async.js.Async._drainQueues (http://localhost:40199/__cypress/runner/cypress_runner.js:162150:10)\n    at Async.drainQueues (http://localhost:40199/__cypress/runner/cypress_runner.js:162024:14)",
                "diff": "- { '0': <div class=\"color\" style=\"background-color: black; width: 100px; height: 100px; border: 1px solid black;\"></div>,\n-   length: 1,\n-   jquery: '3.1.1',\n-   constructor: \n-    { [Function: jQuery]\n-      fn: \n-       { jquery: '3.1.1',\n-         constructor: [Circular],\n-         length: 0,\n-         toArray: [Function: toArray],\n-         get: [Function: get],\n-         pushStack: [Function: pushStack],\n-         each: [Function: each],\n-         map: [Function: map],\n-         slice: [Function: slice],\n-         first: [Function: first],\n-         last: [Function: last],\n-         eq: [Function: eq],\n-         end: [Function: end],\n-         push: [Function: push],\n-         sort: [Function: sort],\n-         splice: [Function: splice],\n-         extend: [Function],\n-         find: [Function: find],\n-         filter: [Function: filter],\n-         not: [Function: not],\n-         is: [Function: is],\n-         init: [Function],\n-         has: [Function: has],\n-         closest: [Function: closest],\n-         index: [Function: index],\n-         add: [Function: add],\n-         addBack: [Function: addBack],\n-         parent: [Function],\n-         parents: [Function],\n-         parentsUntil: [Function],\n-         next: [Function],\n-         prev: [Function],\n-         nextAll: [Function],\n-         prevAll: [Function],\n-         nextUntil: [Function],\n-         prevUntil: [Function],\n-         siblings: [Function],\n-         children: [Function],\n-         contents: [Function],\n-         ready: [Function],\n-         data: [Function: data],\n-         removeData: [Function: removeData],\n-         queue: [Function: queue],\n-         dequeue: [Function: dequeue],\n-         clearQueue: [Function: clearQueue],\n-         promise: [Function: promise],\n-         show: [Function],\n-         hide: [Function],\n-         toggle: [Function],\n-         on: [Function: on],\n-         one: [Function: one],\n-         off: [Function: off],\n-         detach: [Function: detach],\n-         remove: [Function: remove],\n-         text: [Function: text],\n-         append: [Function: append],\n-         prepend: [Function: prepend],\n-         before: [Function: before],\n-         after: [Function: after],\n-         empty: [Function: empty],\n-         clone: [Function: clone],\n-         html: [Function: html],\n-         replaceWith: [Function: replaceWith],\n-         appendTo: [Function],\n-         prependTo: [Function],\n-         insertBefore: [Function],\n-         insertAfter: [Function],\n-         replaceAll: [Function],\n-         css: [Function: css],\n-         fadeTo: [Function: fadeTo],\n-         animate: [Function: animate],\n-         stop: [Function: stop],\n-         finish: [Function: finish],\n-         slideDown: [Function],\n-         slideUp: [Function],\n-         slideToggle: [Function],\n-         fadeIn: [Function],\n-         fadeOut: [Function],\n-         fadeToggle: [Function],\n-         delay: [Function],\n-         attr: [Function: attr],\n-         removeAttr: [Function: removeAttr],\n-         prop: [Function: prop],\n-         removeProp: [Function: removeProp],\n-         addClass: [Function: addClass],\n-         removeClass: [Function: removeClass],\n-         toggleClass: [Function: toggleClass],\n-         hasClass: [Function: hasClass],\n-         val: [Function: val],\n-         trigger: [Function: trigger],\n-         triggerHandler: [Function: triggerHandler],\n-         blur: [Function],\n-         focus: [Function],\n-         focusin: [Function],\n-         focusout: [Function],\n-         resize: [Function],\n-         scroll: [Function],\n-         click: [Function],\n-         dblclick: [Function],\n-         mousedown: [Function],\n-         mouseup: [Function],\n-         mousemove: [Function],\n-         mouseover: [Function],\n-         mouseout: [Function],\n-         mouseenter: [Function],\n-         mouseleave: [Function],\n-         change: [Function],\n-         select: [Function],\n-         submit: [Function],\n-         keydown: [Function],\n-         keypress: [Function],\n-         keyup: [Function],\n-         contextmenu: [Function],\n-         hover: [Function: hover],\n-         serialize: [Function: serialize],\n-         serializeArray: [Function: serializeArray],\n-         wrapAll: [Function: wrapAll],\n-         wrapInner: [Function: wrapInner],\n-         wrap: [Function: wrap],\n-         unwrap: [Function: unwrap],\n-         load: [Function],\n-         ajaxStart: [Function],\n-         ajaxStop: [Function],\n-         ajaxComplete: [Function],\n-         ajaxError: [Function],\n-         ajaxSuccess: [Function],\n-         ajaxSend: [Function],\n-         offset: [Function: offset],\n-         position: [Function: position],\n-         offsetParent: [Function: offsetParent],\n-         scrollLeft: [Function],\n-         scrollTop: [Function],\n-         innerHeight: [Function],\n-         height: [Function],\n-         outerHeight: [Function],\n-         innerWidth: [Function],\n-         width: [Function],\n-         outerWidth: [Function],\n-         bind: [Function: bind],\n-         unbind: [Function: unbind],\n-         delegate: [Function: delegate],\n-         undelegate: [Function: undelegate],\n-         scrollTo: [Function] },\n-      extend: [Function],\n-      expando: 'jQuery31107918888300551352',\n-      isReady: true,\n-      error: [Function: error],\n-      noop: [Function: noop],\n-      isFunction: [Function: isFunction],\n-      isArray: [Function: isArray],\n-      isWindow: [Function: isWindow],\n-      isNumeric: [Function: isNumeric],\n-      isPlainObject: [Function: isPlainObject],\n-      isEmptyObject: [Function: isEmptyObject],\n-      type: [Function: type],\n-      globalEval: [Function: globalEval],\n-      camelCase: [Function: camelCase],\n-      nodeName: [Function: nodeName],\n-      each: [Function: each],\n-      trim: [Function: trim],\n-      makeArray: [Function: makeArray],\n-      inArray: [Function: inArray],\n-      merge: [Function: merge],\n-      grep: [Function: grep],\n-      map: [Function: map],\n-      guid: 7,\n-      proxy: [Function: proxy],\n-      now: [Function: now],\n-      support: \n-       { checkClone: true,\n-         noCloneChecked: true,\n-         clearCloneStyle: true,\n-         pixelPosition: [Function: pixelPosition],\n-         boxSizingReliable: [Function: boxSizingReliable],\n-         pixelMarginRight: [Function: pixelMarginRight],\n-         reliableMarginLeft: [Function: reliableMarginLeft],\n-         checkOn: true,\n-         optSelected: true,\n-         radioValue: true,\n-         focusin: false,\n-         cors: true,\n-         ajax: true,\n-         createHTMLDocument: true },\n-      find: \n-       { [Function: Sizzle]\n-         support: [Object],\n-         isXML: [Function],\n-         setDocument: [Function],\n-         matches: [Function],\n-         matchesSelector: [Function],\n-         contains: [Function],\n-         attr: [Function],\n-         escape: [Function],\n-         error: [Function],\n-         uniqueSort: [Function],\n-         getText: [Function],\n-         selectors: [Object],\n-         tokenize: [Function],\n-         compile: [Function],\n-         select: [Function] },\n-      expr: \n-       { cacheLength: 1,\n-         createPseudo: [Function: markFunction],\n-         match: [Object],\n-         attrHandle: [Object],\n-         find: [Object],\n-         relative: [Object],\n-         preFilter: [Object],\n-         filter: [Object],\n-         pseudos: [Object],\n-         filters: [Object],\n-         setFilters: [Object],\n-         ':': [Object] },\n-      unique: [Function],\n-      uniqueSort: [Function],\n-      text: [Function],\n-      isXMLDoc: [Function],\n-      contains: [Function],\n-      escapeSelector: [Function],\n-      filter: [Function],\n-      Callbacks: [Function],\n-      Deferred: { [Function: Deferred] exceptionHook: [Function] },\n-      when: [Function: when],\n-      readyException: [Function],\n-      readyWait: 0,\n-      holdReady: [Function: holdReady],\n-      ready: { [Function: ready] then: [Function: then] },\n-      hasData: [Function: hasData],\n-      data: [Function: data],\n-      removeData: [Function: removeData],\n-      _data: [Function: _data],\n-      _removeData: [Function: _removeData],\n-      queue: [Function: queue],\n-      dequeue: [Function: dequeue],\n-      _queueHooks: [Function: _queueHooks],\n-      event: \n-       { global: [Object],\n-         add: [Function: add],\n-         remove: [Function: remove],\n-         dispatch: [Function: dispatch],\n-         handlers: [Function: handlers],\n-         addProp: [Function: addProp],\n-         fix: [Function: fix],\n-         special: [Object],\n-         trigger: [Function: trigger],\n-         simulate: [Function: simulate] },\n-      removeEvent: [Function],\n-      Event: [Function],\n-      htmlPrefilter: [Function: htmlPrefilter],\n-      clone: [Function: clone],\n-      cleanData: [Function: cleanData],\n-      cssHooks: \n-       { opacity: [Object],\n-         height: [Object],\n-         width: [Object],\n-         marginLeft: [Object],\n-         margin: [Object],\n-         padding: [Object],\n-         borderWidth: [Object],\n-         top: [Object],\n-         left: [Object] },\n-      cssNumber: \n-       { animationIterationCount: true,\n-         columnCount: true,\n-         fillOpacity: true,\n-         flexGrow: true,\n-         flexShrink: true,\n-         fontWeight: true,\n-         lineHeight: true,\n-         opacity: true,\n-         order: true,\n-         orphans: true,\n-         widows: true,\n-         zIndex: true,\n-         zoom: true },\n-      cssProps: \n-       { float: 'cssFloat',\n-         width: 'width',\n-         display: 'display',\n-         boxSizing: 'boxSizing',\n-         height: 'height',\n-         overflow: 'overflow',\n-         overflowY: 'overflowY',\n-         overflowX: 'overflowX',\n-         visibility: 'visibility',\n-         position: 'position',\n-         backgroundColor: 'backgroundColor',\n-         border: 'border',\n-         paddingRight: 'paddingRight',\n-         borderRightWidth: 'borderRightWidth',\n-         paddingLeft: 'paddingLeft',\n-         borderLeftWidth: 'borderLeftWidth',\n-         paddingTop: 'paddingTop',\n-         borderTopWidth: 'borderTopWidth',\n-         paddingBottom: 'paddingBottom',\n-         borderBottomWidth: 'borderBottomWidth' },\n-      style: [Function: style],\n-      css: [Function: css],\n-      Tween: { [Function: Tween] propHooks: [Object] },\n-      easing: \n-       { linear: [Function: linear],\n-         swing: [Function: swing],\n-         _default: 'swing' },\n-      fx: \n-       { [Function: init]\n-         step: {},\n-         tick: [Function],\n-         timer: [Function],\n-         interval: 13,\n-         start: [Function],\n-         stop: [Function],\n-         speeds: [Object] },\n-      Animation: \n-       { [Function: Animation]\n-         tweeners: [Object],\n-         tweener: [Function: tweener],\n-         prefilters: [Object],\n-         prefilter: [Function: prefilter] },\n-      speed: [Function],\n-      timers: [],\n-      attr: [Function: attr],\n-      attrHooks: { type: [Object] },\n-      removeAttr: [Function: removeAttr],\n-      prop: [Function: prop],\n-      propHooks: { tabIndex: [Object] },\n-      propFix: \n-       { for: 'htmlFor',\n-         class: 'className',\n-         tabindex: 'tabIndex',\n-         readonly: 'readOnly',\n-         maxlength: 'maxLength',\n-         cellspacing: 'cellSpacing',\n-         cellpadding: 'cellPadding',\n-         rowspan: 'rowSpan',\n-         colspan: 'colSpan',\n-         usemap: 'useMap',\n-         frameborder: 'frameBorder',\n-         contenteditable: 'contentEditable' },\n-      valHooks: \n-       { option: [Object],\n-         select: [Object],\n-         radio: [Object],\n-         checkbox: [Object] },\n-      parseXML: [Function],\n-      param: [Function],\n-      active: 0,\n-      lastModified: {},\n-      etag: {},\n-      ajaxSettings: \n-       { url: 'http://localhost:40199/__/#/tests/integration/project.spec.js',\n-         type: 'GET',\n-         isLocal: false,\n-         global: true,\n-         processData: true,\n-         async: true,\n-         contentType: 'application/x-www-form-urlencoded; charset=UTF-8',\n-         accepts: [Object],\n-         contents: [Object],\n-         responseFields: [Object],\n-         converters: [Object],\n-         flatOptions: [Object],\n-         xhr: [Function],\n-         jsonp: 'callback',\n-         jsonpCallback: [Function: jsonpCallback],\n-         cache: false },\n-      ajaxSetup: [Function: ajaxSetup],\n-      ajaxPrefilter: [Function],\n-      ajaxTransport: [Function],\n-      ajax: [Function: ajax],\n-      getJSON: [Function: getJSON],\n-      getScript: [Function: getScript],\n-      get: [Function],\n-      post: [Function],\n-      _evalUrl: [Function],\n-      parseHTML: [Function],\n-      offset: { setOffset: [Function: setOffset] },\n-      parseJSON: [Function: parse],\n-      noConflict: [Function],\n-      scrollTo: { [Function] defaults: [Object], max: [Function] } },\n-   toArray: [Function: toArray],\n-   get: [Function: get],\n-   pushStack: [Function: pushStack],\n-   each: [Function: each],\n-   map: [Function: map],\n-   slice: [Function: slice],\n-   first: [Function: first],\n-   last: [Function: last],\n-   eq: [Function: eq],\n-   end: [Function: end],\n-   push: [Function: push],\n-   sort: [Function: sort],\n-   splice: [Function: splice],\n-   extend: [Function],\n-   find: [Function: find],\n-   filter: [Function: filter],\n-   not: [Function: not],\n-   is: [Function: is],\n-   init: [Function],\n-   has: [Function: has],\n-   closest: [Function: closest],\n-   index: [Function: index],\n-   add: [Function: add],\n-   addBack: [Function: addBack],\n-   parent: [Function],\n-   parents: [Function],\n-   parentsUntil: [Function],\n-   next: [Function],\n-   prev: [Function],\n-   nextAll: [Function],\n-   prevAll: [Function],\n-   nextUntil: [Function],\n-   prevUntil: [Function],\n-   siblings: [Function],\n-   children: [Function],\n-   contents: [Function],\n-   ready: [Function],\n-   data: [Function: data],\n-   removeData: [Function: removeData],\n-   queue: [Function: queue],\n-   dequeue: [Function: dequeue],\n-   clearQueue: [Function: clearQueue],\n-   promise: [Function: promise],\n-   show: [Function],\n-   hide: [Function],\n-   toggle: [Function],\n-   on: [Function: on],\n-   one: [Function: one],\n-   off: [Function: off],\n-   detach: [Function: detach],\n-   remove: [Function: remove],\n-   text: [Function: text],\n-   append: [Function: append],\n-   prepend: [Function: prepend],\n-   before: [Function: before],\n-   after: [Function: after],\n-   empty: [Function: empty],\n-   clone: [Function: clone],\n-   html: [Function: html],\n-   replaceWith: [Function: replaceWith],\n-   appendTo: [Function],\n-   prependTo: [Function],\n-   insertBefore: [Function],\n-   insertAfter: [Function],\n-   replaceAll: [Function],\n-   css: [Function: css],\n-   fadeTo: [Function: fadeTo],\n-   animate: [Function: animate],\n-   stop: [Function: stop],\n-   finish: [Function: finish],\n-   slideDown: [Function],\n-   slideUp: [Function],\n-   slideToggle: [Function],\n-   fadeIn: [Function],\n-   fadeOut: [Function],\n-   fadeToggle: [Function],\n-   delay: [Function],\n-   attr: [Function: attr],\n-   removeAttr: [Function: removeAttr],\n-   prop: [Function: prop],\n-   removeProp: [Function: removeProp],\n-   addClass: [Function: addClass],\n-   removeClass: [Function: removeClass],\n-   toggleClass: [Function: toggleClass],\n-   hasClass: [Function: hasClass],\n-   val: [Function: val],\n-   trigger: [Function: trigger],\n-   triggerHandler: [Function: triggerHandler],\n-   blur: [Function],\n-   focus: [Function],\n-   focusin: [Function],\n-   focusout: [Function],\n-   resize: [Function],\n-   scroll: [Function],\n-   click: [Function],\n-   dblclick: [Function],\n-   mousedown: [Function],\n-   mouseup: [Function],\n-   mousemove: [Function],\n-   mouseover: [Function],\n-   mouseout: [Function],\n-   mouseenter: [Function],\n-   mouseleave: [Function],\n-   change: [Function],\n-   select: [Function],\n-   submit: [Function],\n-   keydown: [Function],\n-   keypress: [Function],\n-   keyup: [Function],\n-   contextmenu: [Function],\n-   hover: [Function: hover],\n-   serialize: [Function: serialize],\n-   serializeArray: [Function: serializeArray],\n-   wrapAll: [Function: wrapAll],\n-   wrapInner: [Function: wrapInner],\n-   wrap: [Function: wrap],\n-   unwrap: [Function: unwrap],\n-   load: [Function],\n-   ajaxStart: [Function],\n-   ajaxStop: [Function],\n-   ajaxComplete: [Function],\n-   ajaxError: [Function],\n-   ajaxSuccess: [Function],\n-   ajaxSend: [Function],\n-   offset: [Function: offset],\n-   position: [Function: position],\n-   offsetParent: [Function: offsetParent],\n-   scrollLeft: [Function],\n-   scrollTop: [Function],\n-   innerHeight: [Function],\n-   height: [Function],\n-   outerHeight: [Function],\n-   innerWidth: [Function],\n-   width: [Function],\n-   outerWidth: [Function],\n-   bind: [Function: bind],\n-   unbind: [Function: unbind],\n-   delegate: [Function: delegate],\n-   undelegate: [Function: undelegate],\n-   scrollTo: [Function] }\n+ 'selected'\n"
              },
              "uuid": "3a352a8a-f4c8-4e6a-9247-179d165592fb",
              "parentUUID": "25e918b3-b299-49cf-b6b9-9e8575ca57cf",
              "isHook": false,
              "skipped": false
            },
            {
              "title": "Verifica se os pixels dentro do quadro não têm a classe `selected` quando são clicados",
              "fullTitle": "7 - Clicar em uma das cores da paleta, faz com que ela seja selecionada e utilizada para preencher os pixels no quadro. Verifica se os pixels dentro do quadro não têm a classe `selected` quando são clicados",
              "timedOut": null,
              "duration": 7825,
              "state": "passed",
              "speed": "slow",
              "pass": true,
              "fail": false,
              "pending": false,
              "context": null,
              "code": "cy.get('.color').each(function (color) {\n  var backgroundColor = color.css('background-color');\n  cy.wrap(color).click();\n  cy.get('.pixel').each(function (pixel) {\n    cy.wrap(pixel).click().should('not.have.class', 'selected');\n  });\n});",
              "err": {},
              "uuid": "fde94caf-8f53-47ed-b025-58ee172b6d35",
              "parentUUID": "25e918b3-b299-49cf-b6b9-9e8575ca57cf",
              "isHook": false,
              "skipped": false
            }
          ],
          "suites": [],
          "passes": [
            "fde94caf-8f53-47ed-b025-58ee172b6d35"
          ],
          "failures": [
            "3a352a8a-f4c8-4e6a-9247-179d165592fb"
          ],
          "pending": [],
          "skipped": [],
          "duration": 8082,
          "root": false,
          "rootEmpty": false,
          "_timeout": 2000
        },
        {
          "uuid": "c4ce3b22-18b8-4efa-8525-034297b9c510",
          "title": "8 - Clicar em um pixel dentro do quadro após selecionar uma cor na paleta, faz com que o pixel seja preenchido com a cor selecionada.",
          "fullFile": "",
          "file": "",
          "beforeHooks": [],
          "afterHooks": [],
          "tests": [
            {
              "title": "Verifica se ao carregar a página deve ser possível pintar os pixels de preto",
              "fullTitle": "8 - Clicar em um pixel dentro do quadro após selecionar uma cor na paleta, faz com que o pixel seja preenchido com a cor selecionada. Verifica se ao carregar a página deve ser possível pintar os pixels de preto",
              "timedOut": null,
              "duration": 4290,
              "state": "failed",
              "speed": null,
              "pass": false,
              "fail": true,
              "pending": false,
              "context": null,
              "code": "cy.get('.pixel').each(function (pixel) {\n  cy.wrap(pixel).click().should('have.css', 'background-color', BLACK);\n});",
              "err": {
                "message": "CypressError: Timed out retrying: expected '<div.pixel>' to have CSS property 'background-color' with the value 'rgb(0, 0, 0)', but the value was 'rgb(255, 255, 255)'",
                "estack": "CypressError: Timed out retrying: expected '<div.pixel>' to have CSS property 'background-color' with the value 'rgb(0, 0, 0)', but the value was 'rgb(255, 255, 255)'\n    at cypressErr (http://localhost:40199/__cypress/runner/cypress_runner.js:149934:9)\n    at throwErr (http://localhost:40199/__cypress/runner/cypress_runner.js:149867:11)\n    at Object.throwErrByPath (http://localhost:40199/__cypress/runner/cypress_runner.js:149915:3)\n    at retry (http://localhost:40199/__cypress/runner/cypress_runner.js:144197:19)\n    at onFailFn (http://localhost:40199/__cypress/runner/cypress_runner.js:132448:16)\n    at tryCatcher (http://localhost:40199/__cypress/runner/cypress_runner.js:167415:23)\n    at Promise._settlePromiseFromHandler (http://localhost:40199/__cypress/runner/cypress_runner.js:165351:31)\n    at Promise._settlePromise (http://localhost:40199/__cypress/runner/cypress_runner.js:165408:18)\n    at Promise._settlePromise0 (http://localhost:40199/__cypress/runner/cypress_runner.js:165453:10)\n    at Promise._settlePromises (http://localhost:40199/__cypress/runner/cypress_runner.js:165528:18)\n    at Async../node_modules/bluebird/js/release/async.js.Async._drainQueue (http://localhost:40199/__cypress/runner/cypress_runner.js:162140:16)\n    at Async../node_modules/bluebird/js/release/async.js.Async._drainQueues (http://localhost:40199/__cypress/runner/cypress_runner.js:162150:10)\n    at Async.drainQueues (http://localhost:40199/__cypress/runner/cypress_runner.js:162024:14)",
                "diff": null
              },
              "uuid": "b0448043-783a-461d-a0b0-71e217730eae",
              "parentUUID": "c4ce3b22-18b8-4efa-8525-034297b9c510",
              "isHook": false,
              "skipped": false
            },
            {
              "title": "Verifica se após selecionar uma outra cor na paleta, é possível pintar os pixels com essa cor",
              "fullTitle": "8 - Clicar em um pixel dentro do quadro após selecionar uma cor na paleta, faz com que o pixel seja preenchido com a cor selecionada. Verifica se após selecionar uma outra cor na paleta, é possível pintar os pixels com essa cor",
              "timedOut": null,
              "duration": 4353,
              "state": "failed",
              "speed": null,
              "pass": false,
              "fail": true,
              "pending": false,
              "context": null,
              "code": "cy.get('.color').each(function (color) {\n  var backgroundColor = color.css('background-color');\n  cy.wrap(color).click();\n  cy.get('.pixel').each(function (pixel) {\n    cy.wrap(pixel).click().should('have.css', 'background-color', backgroundColor);\n  });\n});",
              "err": {
                "message": "CypressError: Timed out retrying: expected '<div.pixel>' to have CSS property 'background-color' with the value 'rgb(0, 0, 0)', but the value was 'rgb(255, 255, 255)'",
                "estack": "CypressError: Timed out retrying: expected '<div.pixel>' to have CSS property 'background-color' with the value 'rgb(0, 0, 0)', but the value was 'rgb(255, 255, 255)'\n    at cypressErr (http://localhost:40199/__cypress/runner/cypress_runner.js:149934:9)\n    at throwErr (http://localhost:40199/__cypress/runner/cypress_runner.js:149867:11)\n    at Object.throwErrByPath (http://localhost:40199/__cypress/runner/cypress_runner.js:149915:3)\n    at retry (http://localhost:40199/__cypress/runner/cypress_runner.js:144197:19)\n    at onFailFn (http://localhost:40199/__cypress/runner/cypress_runner.js:132448:16)\n    at tryCatcher (http://localhost:40199/__cypress/runner/cypress_runner.js:167415:23)\n    at Promise._settlePromiseFromHandler (http://localhost:40199/__cypress/runner/cypress_runner.js:165351:31)\n    at Promise._settlePromise (http://localhost:40199/__cypress/runner/cypress_runner.js:165408:18)\n    at Promise._settlePromise0 (http://localhost:40199/__cypress/runner/cypress_runner.js:165453:10)\n    at Promise._settlePromises (http://localhost:40199/__cypress/runner/cypress_runner.js:165528:18)\n    at Async../node_modules/bluebird/js/release/async.js.Async._drainQueue (http://localhost:40199/__cypress/runner/cypress_runner.js:162140:16)\n    at Async../node_modules/bluebird/js/release/async.js.Async._drainQueues (http://localhost:40199/__cypress/runner/cypress_runner.js:162150:10)\n    at Async.drainQueues (http://localhost:40199/__cypress/runner/cypress_runner.js:162024:14)",
                "diff": null
              },
              "uuid": "0d63588e-15f4-4e0c-bffc-9f85af102b72",
              "parentUUID": "c4ce3b22-18b8-4efa-8525-034297b9c510",
              "isHook": false,
              "skipped": false
            },
            {
              "title": "Verifica se somente o pixel que foi clicado foi preenchido com a cor selecionada, sem influenciar na cor dos demais pixels.",
              "fullTitle": "8 - Clicar em um pixel dentro do quadro após selecionar uma cor na paleta, faz com que o pixel seja preenchido com a cor selecionada. Verifica se somente o pixel que foi clicado foi preenchido com a cor selecionada, sem influenciar na cor dos demais pixels.",
              "timedOut": null,
              "duration": 1101,
              "state": "passed",
              "speed": "slow",
              "pass": true,
              "fail": false,
              "pending": false,
              "context": null,
              "code": "var colorToPixelIndexMap = {\n  0: 6,\n  1: 8,\n  2: 16,\n  3: 18\n};\ncy.get('.color').each(function (color, index) {\n  cy.wrap(color).click();\n  var backgroundColor = color.css('background-color');\n  var clickedPixelIndex = colorToPixelIndexMap[index];\n  cy.get('.pixel').eq(clickedPixelIndex).click();\n  cy.get('.pixel').eq(clickedPixelIndex - 1).should('not.have.css', 'background-color', backgroundColor);\n  cy.get('.pixel').eq(clickedPixelIndex + 1).should('not.have.css', 'background-color', backgroundColor);\n  cy.get('.pixel').eq(clickedPixelIndex - 5).should('not.have.css', 'background-color', backgroundColor);\n  cy.get('.pixel').eq(clickedPixelIndex + 5).should('not.have.css', 'background-color', backgroundColor);\n  cy.get('.pixel').eq(clickedPixelIndex - 6).should('not.have.css', 'background-color', backgroundColor);\n  cy.get('.pixel').eq(clickedPixelIndex - 4).should('not.have.css', 'background-color', backgroundColor);\n  cy.get('.pixel').eq(clickedPixelIndex + 4).should('not.have.css', 'background-color', backgroundColor);\n  cy.get('.pixel').eq(clickedPixelIndex + 6).should('not.have.css', 'background-color', backgroundColor);\n});",
              "err": {},
              "uuid": "b6f95511-5044-4a4b-8e5c-ca039222fc84",
              "parentUUID": "c4ce3b22-18b8-4efa-8525-034297b9c510",
              "isHook": false,
              "skipped": false
            }
          ],
          "suites": [],
          "passes": [
            "b6f95511-5044-4a4b-8e5c-ca039222fc84"
          ],
          "failures": [
            "b0448043-783a-461d-a0b0-71e217730eae",
            "0d63588e-15f4-4e0c-bffc-9f85af102b72"
          ],
          "pending": [],
          "skipped": [],
          "duration": 9744,
          "root": false,
          "rootEmpty": false,
          "_timeout": 2000
        },
        {
          "uuid": "a82b8289-7cb7-4303-a0db-87fb52de7f43",
          "title": "9 - Crie um botão que, ao ser clicado, limpa o quadro preenchendo a cor de todos seus pixels com branco.",
          "fullFile": "",
          "file": "",
          "beforeHooks": [],
          "afterHooks": [],
          "tests": [
            {
              "title": "Verifica se o botão tem o `id` denominado `clear-board`",
              "fullTitle": "9 - Crie um botão que, ao ser clicado, limpa o quadro preenchendo a cor de todos seus pixels com branco. Verifica se o botão tem o `id` denominado `clear-board`",
              "timedOut": null,
              "duration": 4225,
              "state": "failed",
              "speed": null,
              "pass": false,
              "fail": true,
              "pending": false,
              "context": null,
              "code": "cy.get('#clear-board').should('be.visible');",
              "err": {
                "message": "CypressError: Timed out retrying: Expected to find element: '#clear-board', but never found it.",
                "estack": "CypressError: Timed out retrying: Expected to find element: '#clear-board', but never found it.\n    at cypressErr (http://localhost:40199/__cypress/runner/cypress_runner.js:149934:9)\n    at throwErr (http://localhost:40199/__cypress/runner/cypress_runner.js:149867:11)\n    at Object.throwErrByPath (http://localhost:40199/__cypress/runner/cypress_runner.js:149915:3)\n    at retry (http://localhost:40199/__cypress/runner/cypress_runner.js:144197:19)\n    at onFailFn (http://localhost:40199/__cypress/runner/cypress_runner.js:132448:16)\n    at tryCatcher (http://localhost:40199/__cypress/runner/cypress_runner.js:167415:23)\n    at Promise._settlePromiseFromHandler (http://localhost:40199/__cypress/runner/cypress_runner.js:165351:31)\n    at Promise._settlePromise (http://localhost:40199/__cypress/runner/cypress_runner.js:165408:18)\n    at Promise._settlePromise0 (http://localhost:40199/__cypress/runner/cypress_runner.js:165453:10)\n    at Promise._settlePromises (http://localhost:40199/__cypress/runner/cypress_runner.js:165528:18)\n    at Async../node_modules/bluebird/js/release/async.js.Async._drainQueue (http://localhost:40199/__cypress/runner/cypress_runner.js:162140:16)\n    at Async../node_modules/bluebird/js/release/async.js.Async._drainQueues (http://localhost:40199/__cypress/runner/cypress_runner.js:162150:10)\n    at Async.drainQueues (http://localhost:40199/__cypress/runner/cypress_runner.js:162024:14)",
                "diff": null
              },
              "uuid": "8726d6b5-1935-45d5-98cb-2571935c1d2e",
              "parentUUID": "a82b8289-7cb7-4303-a0db-87fb52de7f43",
              "isHook": false,
              "skipped": false
            },
            {
              "title": "Verifica se o botão está posicionado entre a paleta de cores e o quadro de pixels",
              "fullTitle": "9 - Crie um botão que, ao ser clicado, limpa o quadro preenchendo a cor de todos seus pixels com branco. Verifica se o botão está posicionado entre a paleta de cores e o quadro de pixels",
              "timedOut": null,
              "duration": 4189,
              "state": "failed",
              "speed": null,
              "pass": false,
              "fail": true,
              "pending": false,
              "context": null,
              "code": "cy.get('#color-palette').then(function (palette) {\n  cy.get('#clear-board').should('be.belowOf', palette);\n});\ncy.get('#clear-board').then(function (clearBtn) {\n  cy.get('#pixel-board').should('be.belowOf', clearBtn);\n});",
              "err": {
                "message": "CypressError: Timed out retrying: Expected to find element: '#clear-board', but never found it.",
                "estack": "CypressError: Timed out retrying: Expected to find element: '#clear-board', but never found it.\n    at cypressErr (http://localhost:40199/__cypress/runner/cypress_runner.js:149934:9)\n    at throwErr (http://localhost:40199/__cypress/runner/cypress_runner.js:149867:11)\n    at Object.throwErrByPath (http://localhost:40199/__cypress/runner/cypress_runner.js:149915:3)\n    at retry (http://localhost:40199/__cypress/runner/cypress_runner.js:144197:19)\n    at onFailFn (http://localhost:40199/__cypress/runner/cypress_runner.js:132448:16)\n    at tryCatcher (http://localhost:40199/__cypress/runner/cypress_runner.js:167415:23)\n    at Promise._settlePromiseFromHandler (http://localhost:40199/__cypress/runner/cypress_runner.js:165351:31)\n    at Promise._settlePromise (http://localhost:40199/__cypress/runner/cypress_runner.js:165408:18)\n    at Promise._settlePromise0 (http://localhost:40199/__cypress/runner/cypress_runner.js:165453:10)\n    at Promise._settlePromises (http://localhost:40199/__cypress/runner/cypress_runner.js:165528:18)\n    at Async../node_modules/bluebird/js/release/async.js.Async._drainQueue (http://localhost:40199/__cypress/runner/cypress_runner.js:162140:16)\n    at Async../node_modules/bluebird/js/release/async.js.Async._drainQueues (http://localhost:40199/__cypress/runner/cypress_runner.js:162150:10)\n    at Async.drainQueues (http://localhost:40199/__cypress/runner/cypress_runner.js:162024:14)",
                "diff": null
              },
              "uuid": "8a815dc7-3542-40bc-9278-76a27db8bb9e",
              "parentUUID": "a82b8289-7cb7-4303-a0db-87fb52de7f43",
              "isHook": false,
              "skipped": false
            },
            {
              "title": "Verifica se o texto do botão é 'Limpar'",
              "fullTitle": "9 - Crie um botão que, ao ser clicado, limpa o quadro preenchendo a cor de todos seus pixels com branco. Verifica se o texto do botão é 'Limpar'",
              "timedOut": null,
              "duration": 4201,
              "state": "failed",
              "speed": null,
              "pass": false,
              "fail": true,
              "pending": false,
              "context": null,
              "code": "cy.get('#clear-board').should('contain.text', 'Limpar');",
              "err": {
                "message": "CypressError: Timed out retrying: Expected to find element: '#clear-board', but never found it.",
                "estack": "CypressError: Timed out retrying: Expected to find element: '#clear-board', but never found it.\n    at cypressErr (http://localhost:40199/__cypress/runner/cypress_runner.js:149934:9)\n    at throwErr (http://localhost:40199/__cypress/runner/cypress_runner.js:149867:11)\n    at Object.throwErrByPath (http://localhost:40199/__cypress/runner/cypress_runner.js:149915:3)\n    at retry (http://localhost:40199/__cypress/runner/cypress_runner.js:144197:19)\n    at onFailFn (http://localhost:40199/__cypress/runner/cypress_runner.js:132448:16)\n    at tryCatcher (http://localhost:40199/__cypress/runner/cypress_runner.js:167415:23)\n    at Promise._settlePromiseFromHandler (http://localhost:40199/__cypress/runner/cypress_runner.js:165351:31)\n    at Promise._settlePromise (http://localhost:40199/__cypress/runner/cypress_runner.js:165408:18)\n    at Promise._settlePromise0 (http://localhost:40199/__cypress/runner/cypress_runner.js:165453:10)\n    at Promise._settlePromises (http://localhost:40199/__cypress/runner/cypress_runner.js:165528:18)\n    at Async../node_modules/bluebird/js/release/async.js.Async._drainQueue (http://localhost:40199/__cypress/runner/cypress_runner.js:162140:16)\n    at Async../node_modules/bluebird/js/release/async.js.Async._drainQueues (http://localhost:40199/__cypress/runner/cypress_runner.js:162150:10)\n    at Async.drainQueues (http://localhost:40199/__cypress/runner/cypress_runner.js:162024:14)",
                "diff": null
              },
              "uuid": "ae518929-28b6-44db-b938-041c3099265e",
              "parentUUID": "a82b8289-7cb7-4303-a0db-87fb52de7f43",
              "isHook": false,
              "skipped": false
            },
            {
              "title": "Verifica se ao clicar no botão, o quadro de pixels é totalmente preenchido de branco",
              "fullTitle": "9 - Crie um botão que, ao ser clicado, limpa o quadro preenchendo a cor de todos seus pixels com branco. Verifica se ao clicar no botão, o quadro de pixels é totalmente preenchido de branco",
              "timedOut": null,
              "duration": 4324,
              "state": "failed",
              "speed": null,
              "pass": false,
              "fail": true,
              "pending": false,
              "context": null,
              "code": "cy.get('.color').eq(1).then(function (color) {\n  var backgroundColor = color.css('background-color');\n  cy.wrap(color).click();\n  cy.get('.pixel').each(function (pixel) {\n    cy.wrap(pixel).click().should('have.css', 'background-color', backgroundColor);\n  });\n});\ncy.get('#clear-board').click();\ncy.get('.pixel').each(function (pixel) {\n  cy.wrap(pixel).should('have.css', 'background-color', WHITE);\n});",
              "err": {
                "message": "CypressError: Timed out retrying: expected '<div.pixel>' to have CSS property 'background-color' with the value 'rgb(0, 128, 0)', but the value was 'rgb(255, 255, 255)'",
                "estack": "CypressError: Timed out retrying: expected '<div.pixel>' to have CSS property 'background-color' with the value 'rgb(0, 128, 0)', but the value was 'rgb(255, 255, 255)'\n    at cypressErr (http://localhost:40199/__cypress/runner/cypress_runner.js:149934:9)\n    at throwErr (http://localhost:40199/__cypress/runner/cypress_runner.js:149867:11)\n    at Object.throwErrByPath (http://localhost:40199/__cypress/runner/cypress_runner.js:149915:3)\n    at retry (http://localhost:40199/__cypress/runner/cypress_runner.js:144197:19)\n    at onFailFn (http://localhost:40199/__cypress/runner/cypress_runner.js:132448:16)\n    at tryCatcher (http://localhost:40199/__cypress/runner/cypress_runner.js:167415:23)\n    at Promise._settlePromiseFromHandler (http://localhost:40199/__cypress/runner/cypress_runner.js:165351:31)\n    at Promise._settlePromise (http://localhost:40199/__cypress/runner/cypress_runner.js:165408:18)\n    at Promise._settlePromise0 (http://localhost:40199/__cypress/runner/cypress_runner.js:165453:10)\n    at Promise._settlePromises (http://localhost:40199/__cypress/runner/cypress_runner.js:165528:18)\n    at Async../node_modules/bluebird/js/release/async.js.Async._drainQueue (http://localhost:40199/__cypress/runner/cypress_runner.js:162140:16)\n    at Async../node_modules/bluebird/js/release/async.js.Async._drainQueues (http://localhost:40199/__cypress/runner/cypress_runner.js:162150:10)\n    at Async.drainQueues (http://localhost:40199/__cypress/runner/cypress_runner.js:162024:14)",
                "diff": null
              },
              "uuid": "f333aae3-6481-4b3e-bd6f-5778d6d32ada",
              "parentUUID": "a82b8289-7cb7-4303-a0db-87fb52de7f43",
              "isHook": false,
              "skipped": false
            }
          ],
          "suites": [],
          "passes": [],
          "failures": [
            "8726d6b5-1935-45d5-98cb-2571935c1d2e",
            "8a815dc7-3542-40bc-9278-76a27db8bb9e",
            "ae518929-28b6-44db-b938-041c3099265e",
            "f333aae3-6481-4b3e-bd6f-5778d6d32ada"
          ],
          "pending": [],
          "skipped": [],
          "duration": 16939,
          "root": false,
          "rootEmpty": false,
          "_timeout": 2000
        },
        {
          "uuid": "15cdee00-2cd0-4b95-8cd6-aa2f51724c77",
          "title": "10 - Faça o quadro de pixels ter seu tamanho definido pelo usuário.",
          "fullFile": "",
          "file": "",
          "beforeHooks": [],
          "afterHooks": [],
          "tests": [
            {
              "title": "Verifica se existe um input com o id `board-size`",
              "fullTitle": "10 - Faça o quadro de pixels ter seu tamanho definido pelo usuário. Verifica se existe um input com o id `board-size`",
              "timedOut": null,
              "duration": 4204,
              "state": "failed",
              "speed": null,
              "pass": false,
              "fail": true,
              "pending": false,
              "context": null,
              "code": "cy.get('#board-size').should('be.visible');",
              "err": {
                "message": "CypressError: Timed out retrying: Expected to find element: '#board-size', but never found it.",
                "estack": "CypressError: Timed out retrying: Expected to find element: '#board-size', but never found it.\n    at cypressErr (http://localhost:40199/__cypress/runner/cypress_runner.js:149934:9)\n    at throwErr (http://localhost:40199/__cypress/runner/cypress_runner.js:149867:11)\n    at Object.throwErrByPath (http://localhost:40199/__cypress/runner/cypress_runner.js:149915:3)\n    at retry (http://localhost:40199/__cypress/runner/cypress_runner.js:144197:19)\n    at onFailFn (http://localhost:40199/__cypress/runner/cypress_runner.js:132448:16)\n    at tryCatcher (http://localhost:40199/__cypress/runner/cypress_runner.js:167415:23)\n    at Promise._settlePromiseFromHandler (http://localhost:40199/__cypress/runner/cypress_runner.js:165351:31)\n    at Promise._settlePromise (http://localhost:40199/__cypress/runner/cypress_runner.js:165408:18)\n    at Promise._settlePromise0 (http://localhost:40199/__cypress/runner/cypress_runner.js:165453:10)\n    at Promise._settlePromises (http://localhost:40199/__cypress/runner/cypress_runner.js:165528:18)\n    at Async../node_modules/bluebird/js/release/async.js.Async._drainQueue (http://localhost:40199/__cypress/runner/cypress_runner.js:162140:16)\n    at Async../node_modules/bluebird/js/release/async.js.Async._drainQueues (http://localhost:40199/__cypress/runner/cypress_runner.js:162150:10)\n    at Async.drainQueues (http://localhost:40199/__cypress/runner/cypress_runner.js:162024:14)",
                "diff": null
              },
              "uuid": "5a817868-e101-4120-a360-515664b40c52",
              "parentUUID": "15cdee00-2cd0-4b95-8cd6-aa2f51724c77",
              "isHook": false,
              "skipped": false
            },
            {
              "title": "Verifica se existe um botão com o id `generate-board`",
              "fullTitle": "10 - Faça o quadro de pixels ter seu tamanho definido pelo usuário. Verifica se existe um botão com o id `generate-board`",
              "timedOut": null,
              "duration": 4241,
              "state": "failed",
              "speed": null,
              "pass": false,
              "fail": true,
              "pending": false,
              "context": null,
              "code": "cy.get('#generate-board').should('be.visible');",
              "err": {
                "message": "CypressError: Timed out retrying: Expected to find element: '#generate-board', but never found it.",
                "estack": "CypressError: Timed out retrying: Expected to find element: '#generate-board', but never found it.\n    at cypressErr (http://localhost:40199/__cypress/runner/cypress_runner.js:149934:9)\n    at throwErr (http://localhost:40199/__cypress/runner/cypress_runner.js:149867:11)\n    at Object.throwErrByPath (http://localhost:40199/__cypress/runner/cypress_runner.js:149915:3)\n    at retry (http://localhost:40199/__cypress/runner/cypress_runner.js:144197:19)\n    at onFailFn (http://localhost:40199/__cypress/runner/cypress_runner.js:132448:16)\n    at tryCatcher (http://localhost:40199/__cypress/runner/cypress_runner.js:167415:23)\n    at Promise._settlePromiseFromHandler (http://localhost:40199/__cypress/runner/cypress_runner.js:165351:31)\n    at Promise._settlePromise (http://localhost:40199/__cypress/runner/cypress_runner.js:165408:18)\n    at Promise._settlePromise0 (http://localhost:40199/__cypress/runner/cypress_runner.js:165453:10)\n    at Promise._settlePromises (http://localhost:40199/__cypress/runner/cypress_runner.js:165528:18)\n    at Async../node_modules/bluebird/js/release/async.js.Async._drainQueue (http://localhost:40199/__cypress/runner/cypress_runner.js:162140:16)\n    at Async../node_modules/bluebird/js/release/async.js.Async._drainQueues (http://localhost:40199/__cypress/runner/cypress_runner.js:162150:10)\n    at Async.drainQueues (http://localhost:40199/__cypress/runner/cypress_runner.js:162024:14)",
                "diff": null
              },
              "uuid": "33dac04a-31b3-4bab-a74c-b67ff0cb4971",
              "parentUUID": "15cdee00-2cd0-4b95-8cd6-aa2f51724c77",
              "isHook": false,
              "skipped": false
            },
            {
              "title": "Verifica se o input só aceita número maiores que zero. Essa restrição deve ser feita usando os atributos do elemento `input`",
              "fullTitle": "10 - Faça o quadro de pixels ter seu tamanho definido pelo usuário. Verifica se o input só aceita número maiores que zero. Essa restrição deve ser feita usando os atributos do elemento `input`",
              "timedOut": null,
              "duration": 4252,
              "state": "failed",
              "speed": null,
              "pass": false,
              "fail": true,
              "pending": false,
              "context": null,
              "code": "cy.get('#board-size[type=\\'number\\'][min=\\'1\\']');",
              "err": {
                "message": "CypressError: Timed out retrying: Expected to find element: '#board-size[type='number'][min='1']', but never found it.",
                "estack": "CypressError: Timed out retrying: Expected to find element: '#board-size[type='number'][min='1']', but never found it.\n    at cypressErr (http://localhost:40199/__cypress/runner/cypress_runner.js:149934:9)\n    at throwErr (http://localhost:40199/__cypress/runner/cypress_runner.js:149867:11)\n    at Object.throwErrByPath (http://localhost:40199/__cypress/runner/cypress_runner.js:149915:3)\n    at retry (http://localhost:40199/__cypress/runner/cypress_runner.js:144197:19)\n    at onFailFn (http://localhost:40199/__cypress/runner/cypress_runner.js:132448:16)\n    at tryCatcher (http://localhost:40199/__cypress/runner/cypress_runner.js:167415:23)\n    at Promise._settlePromiseFromHandler (http://localhost:40199/__cypress/runner/cypress_runner.js:165351:31)\n    at Promise._settlePromise (http://localhost:40199/__cypress/runner/cypress_runner.js:165408:18)\n    at Promise._settlePromise0 (http://localhost:40199/__cypress/runner/cypress_runner.js:165453:10)\n    at Promise._settlePromises (http://localhost:40199/__cypress/runner/cypress_runner.js:165528:18)\n    at Async../node_modules/bluebird/js/release/async.js.Async._drainQueue (http://localhost:40199/__cypress/runner/cypress_runner.js:162140:16)\n    at Async../node_modules/bluebird/js/release/async.js.Async._drainQueues (http://localhost:40199/__cypress/runner/cypress_runner.js:162150:10)\n    at Async.drainQueues (http://localhost:40199/__cypress/runner/cypress_runner.js:162024:14)",
                "diff": null
              },
              "uuid": "47623110-3040-45d7-b037-10a786700d50",
              "parentUUID": "15cdee00-2cd0-4b95-8cd6-aa2f51724c77",
              "isHook": false,
              "skipped": false
            },
            {
              "title": "Verifica se o botão contém o texto 'VQV'",
              "fullTitle": "10 - Faça o quadro de pixels ter seu tamanho definido pelo usuário. Verifica se o botão contém o texto 'VQV'",
              "timedOut": null,
              "duration": 4249,
              "state": "failed",
              "speed": null,
              "pass": false,
              "fail": true,
              "pending": false,
              "context": null,
              "code": "cy.get('#generate-board').contains(/vqv/i);",
              "err": {
                "message": "CypressError: Timed out retrying: Expected to find element: '#generate-board', but never found it.",
                "estack": "CypressError: Timed out retrying: Expected to find element: '#generate-board', but never found it.\n    at cypressErr (http://localhost:40199/__cypress/runner/cypress_runner.js:149934:9)\n    at throwErr (http://localhost:40199/__cypress/runner/cypress_runner.js:149867:11)\n    at Object.throwErrByPath (http://localhost:40199/__cypress/runner/cypress_runner.js:149915:3)\n    at retry (http://localhost:40199/__cypress/runner/cypress_runner.js:144197:19)\n    at onFailFn (http://localhost:40199/__cypress/runner/cypress_runner.js:132448:16)\n    at tryCatcher (http://localhost:40199/__cypress/runner/cypress_runner.js:167415:23)\n    at Promise._settlePromiseFromHandler (http://localhost:40199/__cypress/runner/cypress_runner.js:165351:31)\n    at Promise._settlePromise (http://localhost:40199/__cypress/runner/cypress_runner.js:165408:18)\n    at Promise._settlePromise0 (http://localhost:40199/__cypress/runner/cypress_runner.js:165453:10)\n    at Promise._settlePromises (http://localhost:40199/__cypress/runner/cypress_runner.js:165528:18)\n    at Async../node_modules/bluebird/js/release/async.js.Async._drainQueue (http://localhost:40199/__cypress/runner/cypress_runner.js:162140:16)\n    at Async../node_modules/bluebird/js/release/async.js.Async._drainQueues (http://localhost:40199/__cypress/runner/cypress_runner.js:162150:10)\n    at Async.drainQueues (http://localhost:40199/__cypress/runner/cypress_runner.js:162024:14)",
                "diff": null
              },
              "uuid": "9d19ac34-b487-42d6-9952-7441762c38bc",
              "parentUUID": "15cdee00-2cd0-4b95-8cd6-aa2f51724c77",
              "isHook": false,
              "skipped": false
            },
            {
              "title": "Verifica se o input está posicionado entre a paleta de cores e o quadro de pixels",
              "fullTitle": "10 - Faça o quadro de pixels ter seu tamanho definido pelo usuário. Verifica se o input está posicionado entre a paleta de cores e o quadro de pixels",
              "timedOut": null,
              "duration": 4210,
              "state": "failed",
              "speed": null,
              "pass": false,
              "fail": true,
              "pending": false,
[...]
                "diff": null
              },
              "uuid": "55985332-7285-4da2-8cd8-47527d87c2e8",
              "parentUUID": "15cdee00-2cd0-4b95-8cd6-aa2f51724c77",
              "isHook": false,
              "skipped": false
            },
            {
              "title": "Verifica se o novo quadro tem todos os pixels preenchidos com a cor branca",
              "fullTitle": "10 - Faça o quadro de pixels ter seu tamanho definido pelo usuário. Verifica se o novo quadro tem todos os pixels preenchidos com a cor branca",
              "timedOut": null,
              "duration": 4227,
              "state": "failed",
              "speed": null,
              "pass": false,
              "fail": true,
              "pending": false,
              "context": null,
              "code": "cy.get('#board-size').clear().type(6);\ncy.get('#generate-board').click();\ncy.get('.pixel').should('have.length', 36).each(function (pixel) {\n  expect(pixel).to.have.css('background-color', WHITE);\n});",
              "err": {
                "message": "CypressError: Timed out retrying: Expected to find element: '#board-size', but never found it.",
                "estack": "CypressError: Timed out retrying: Expected to find element: '#board-size', but never found it.\n    at cypressErr (http://localhost:40199/__cypress/runner/cypress_runner.js:149934:9)\n    at throwErr (http://localhost:40199/__cypress/runner/cypress_runner.js:149867:11)\n    at Object.throwErrByPath (http://localhost:40199/__cypress/runner/cypress_runner.js:149915:3)\n    at retry (http://localhost:40199/__cypress/runner/cypress_runner.js:144197:19)\n    at onFailFn (http://localhost:40199/__cypress/runner/cypress_runner.js:132448:16)\n    at tryCatcher (http://localhost:40199/__cypress/runner/cypress_runner.js:167415:23)\n    at Promise._settlePromiseFromHandler (http://localhost:40199/__cypress/runner/cypress_runner.js:165351:31)\n    at Promise._settlePromise (http://localhost:40199/__cypress/runner/cypress_runner.js:165408:18)\n    at Promise._settlePromise0 (http://localhost:40199/__cypress/runner/cypress_runner.js:165453:10)\n    at Promise._settlePromises (http://localhost:40199/__cypress/runner/cypress_runner.js:165528:18)\n    at Async../node_modules/bluebird/js/release/async.js.Async._drainQueue (http://localhost:40199/__cypress/runner/cypress_runner.js:162140:16)\n    at Async../node_modules/bluebird/js/release/async.js.Async._drainQueues (http://localhost:40199/__cypress/runner/cypress_runner.js:162150:10)\n    at Async.drainQueues (http://localhost:40199/__cypress/runner/cypress_runner.js:162024:14)",
                "diff": null
              },
              "uuid": "d3e06c8c-d0ff-48db-8d45-87919e858be8",
              "parentUUID": "15cdee00-2cd0-4b95-8cd6-aa2f51724c77",
              "isHook": false,
              "skipped": false
            }
          ],
          "suites": [],
          "passes": [],
          "failures": [
            "5a817868-e101-4120-a360-515664b40c52",
            "33dac04a-31b3-4bab-a74c-b67ff0cb4971",
            "47623110-3040-45d7-b037-10a786700d50",
            "9d19ac34-b487-42d6-9952-7441762c38bc",
            "b01731a2-aa7b-4b63-aace-a99eff04cf06",
            "4db3133a-c981-45fc-aa45-989dc3c4dcbe",
            "eb92c566-beb9-4856-9d43-e20fdaeb65be",
            "55985332-7285-4da2-8cd8-47527d87c2e8",
            "d3e06c8c-d0ff-48db-8d45-87919e858be8"
          ],
          "pending": [],
          "skipped": [],
          "duration": 38059,
          "root": false,
          "rootEmpty": false,
          "_timeout": 2000
        },
        {
          "uuid": "c6443a7f-fb92-43aa-8f1a-3a2beb20bee8",
          "title": "11 - Limite o tamanho mínimo e máximo do board.",
          "fullFile": "",
          "file": "",
          "beforeHooks": [],
          "afterHooks": [],
          "tests": [
            {
              "title": "Verifica se a altura máxima do board é 50",
              "fullTitle": "11 - Limite o tamanho mínimo e máximo do board. Verifica se a altura máxima do board é 50",
              "timedOut": null,
              "duration": 4218,
              "state": "failed",
              "speed": null,
              "pass": false,
              "fail": true,
              "pending": false,
              "context": null,
              "code": "cy.get('#board-size').clear().type(50);\ncy.get('#generate-board').click();\ncy.get('.pixel').should('have.length', 2500);",
              "err": {
                "message": "CypressError: Timed out retrying: Expected to find element: '#board-size', but never found it.",
                "estack": "CypressError: Timed out retrying: Expected to find element: '#board-size', but never found it.\n    at cypressErr (http://localhost:40199/__cypress/runner/cypress_runner.js:149934:9)\n    at throwErr (http://localhost:40199/__cypress/runner/cypress_runner.js:149867:11)\n    at Object.throwErrByPath (http://localhost:40199/__cypress/runner/cypress_runner.js:149915:3)\n    at retry (http://localhost:40199/__cypress/runner/cypress_runner.js:144197:19)\n    at onFailFn (http://localhost:40199/__cypress/runner/cypress_runner.js:132448:16)\n    at tryCatcher (http://localhost:40199/__cypress/runner/cypress_runner.js:167415:23)\n    at Promise._settlePromiseFromHandler (http://localhost:40199/__cypress/runner/cypress_runner.js:165351:31)\n    at Promise._settlePromise (http://localhost:40199/__cypress/runner/cypress_runner.js:165408:18)\n    at Promise._settlePromise0 (http://localhost:40199/__cypress/runner/cypress_runner.js:165453:10)\n    at Promise._settlePromises (http://localhost:40199/__cypress/runner/cypress_runner.js:165528:18)\n    at Async../node_modules/bluebird/js/release/async.js.Async._drainQueue (http://localhost:40199/__cypress/runner/cypress_runner.js:162140:16)\n    at Async../node_modules/bluebird/js/release/async.js.Async._drainQueues (http://localhost:40199/__cypress/runner/cypress_runner.js:162150:10)\n    at Async.drainQueues (http://localhost:40199/__cypress/runner/cypress_runner.js:162024:14)",
                "diff": null
              },
              "uuid": "7ab3d6e4-8ccf-42ab-921d-72b0d23e983d",
              "parentUUID": "c6443a7f-fb92-43aa-8f1a-3a2beb20bee8",
              "isHook": false,
              "skipped": false
            },
            {
              "title": "Verifica se a altura do board é 5 quando um valor menor é colocado no input",
              "fullTitle": "11 - Limite o tamanho mínimo e máximo do board. Verifica se a altura do board é 5 quando um valor menor é colocado no input",
              "timedOut": null,
              "duration": 4248,
              "state": "failed",
              "speed": null,
              "pass": false,
              "fail": true,
              "pending": false,
              "context": null,
              "code": "cy.get('#board-size').clear().type(4);\ncy.get('#generate-board').click();\ncy.get('.pixel').should('have.length', 25);",
              "err": {
                "message": "CypressError: Timed out retrying: Expected to find element: '#board-size', but never found it.",
                "estack": "CypressError: Timed out retrying: Expected to find element: '#board-size', but never found it.\n    at cypressErr (http://localhost:40199/__cypress/runner/cypress_runner.js:149934:9)\n    at throwErr (http://localhost:40199/__cypress/runner/cypress_runner.js:149867:11)\n    at Object.throwErrByPath (http://localhost:40199/__cypress/runner/cypress_runner.js:149915:3)\n    at retry (http://localhost:40199/__cypress/runner/cypress_runner.js:144197:19)\n    at onFailFn (http://localhost:40199/__cypress/runner/cypress_runner.js:132448:16)\n    at tryCatcher (http://localhost:40199/__cypress/runner/cypress_runner.js:167415:23)\n    at Promise._settlePromiseFromHandler (http://localhost:40199/__cypress/runner/cypress_runner.js:165351:31)\n    at Promise._settlePromise (http://localhost:40199/__cypress/runner/cypress_runner.js:165408:18)\n    at Promise._settlePromise0 (http://localhost:40199/__cypress/runner/cypress_runner.js:165453:10)\n    at Promise._settlePromises (http://localhost:40199/__cypress/runner/cypress_runner.js:165528:18)\n    at Async../node_modules/bluebird/js/release/async.js.Async._drainQueue (http://localhost:40199/__cypress/runner/cypress_runner.js:162140:16)\n    at Async../node_modules/bluebird/js/release/async.js.Async._drainQueues (http://localhost:40199/__cypress/runner/cypress_runner.js:162150:10)\n    at Async.drainQueues (http://localhost:40199/__cypress/runner/cypress_runner.js:162024:14)",
                "diff": null
              },
              "uuid": "9f608c02-4d98-4fb5-877d-fd4542a70a02",
              "parentUUID": "c6443a7f-fb92-43aa-8f1a-3a2beb20bee8",
              "isHook": false,
              "skipped": false
            },
            {
              "title": "Verifica se a altura do board é 50 quando um valor maior é colocado no input",
              "fullTitle": "11 - Limite o tamanho mínimo e máximo do board. Verifica se a altura do board é 50 quando um valor maior é colocado no input",
              "timedOut": null,
              "duration": 4199,
              "state": "failed",
              "speed": null,
              "pass": false,
              "fail": true,
              "pending": false,
              "context": null,
              "code": "cy.get('#board-size').clear().type(51);\ncy.get('#generate-board').click();\ncy.get('.pixel').should('have.length', 2500);",
              "err": {
                "message": "CypressError: Timed out retrying: Expected to find element: '#board-size', but never found it.",
                "estack": "CypressError: Timed out retrying: Expected to find element: '#board-size', but never found it.\n    at cypressErr (http://localhost:40199/__cypress/runner/cypress_runner.js:149934:9)\n    at throwErr (http://localhost:40199/__cypress/runner/cypress_runner.js:149867:11)\n    at Object.throwErrByPath (http://localhost:40199/__cypress/runner/cypress_runner.js:149915:3)\n    at retry (http://localhost:40199/__cypress/runner/cypress_runner.js:144197:19)\n    at onFailFn (http://localhost:40199/__cypress/runner/cypress_runner.js:132448:16)\n    at tryCatcher (http://localhost:40199/__cypress/runner/cypress_runner.js:167415:23)\n    at Promise._settlePromiseFromHandler (http://localhost:40199/__cypress/runner/cypress_runner.js:165351:31)\n    at Promise._settlePromise (http://localhost:40199/__cypress/runner/cypress_runner.js:165408:18)\n    at Promise._settlePromise0 (http://localhost:40199/__cypress/runner/cypress_runner.js:165453:10)\n    at Promise._settlePromises (http://localhost:40199/__cypress/runner/cypress_runner.js:165528:18)\n    at Async../node_modules/bluebird/js/release/async.js.Async._drainQueue (http://localhost:40199/__cypress/runner/cypress_runner.js:162140:16)\n    at Async../node_modules/bluebird/js/release/async.js.Async._drainQueues (http://localhost:40199/__cypress/runner/cypress_runner.js:162150:10)\n    at Async.drainQueues (http://localhost:40199/__cypress/runner/cypress_runner.js:162024:14)",
                "diff": null
              },
              "uuid": "ea165545-d2ec-49ca-aa90-61c8653ee7c7",
              "parentUUID": "c6443a7f-fb92-43aa-8f1a-3a2beb20bee8",
              "isHook": false,
              "skipped": false
            }
          ],
          "suites": [],
          "passes": [],
          "failures": [
            "7ab3d6e4-8ccf-42ab-921d-72b0d23e983d",
            "9f608c02-4d98-4fb5-877d-fd4542a70a02",
            "ea165545-d2ec-49ca-aa90-61c8653ee7c7"
          ],
          "pending": [],
          "skipped": [],
          "duration": 12665,
          "root": false,
          "rootEmpty": false,
          "_timeout": 2000
        },
        {
          "uuid": "0f666463-87ae-4250-a3ea-5eaacfcbf353",
          "title": "12 - Faça com que as cores da paleta sejam geradas aleatoriamente ao carregar a página.",
          "fullFile": "",
          "file": "",
          "beforeHooks": [],
          "afterHooks": [],
          "tests": [
            {
              "title": "Verifica se as cores geradas na paleta são diferentes a cada carregamento da página",
              "fullTitle": "12 - Faça com que as cores da paleta sejam geradas aleatoriamente ao carregar a página. Verifica se as cores geradas na paleta são diferentes a cada carregamento da página",
              "timedOut": null,
              "duration": 270,
              "state": "failed",
              "speed": null,
              "pass": false,
              "fail": true,
              "pending": false,
              "context": null,
              "code": "cy.get('.color').then(function (colors) {\n  var currentColors;\n  var previousColors;\n  previousColors = Array.from(colors).map(function (color) {\n    return Cypress.$(color).css('background-color');\n  });\n  for (var i = 0; i < 5; i += 1) {\n    cy.reload();\n    cy.get('.color').then(function (colors) {\n      currentColors = Array.from(colors).map(function (color) {\n        return Cypress.$(color).css('background-color');\n      });\n      expect(currentColors).not.to.deep.equal(previousColors);\n      previousColors = currentColors;\n    });\n  }\n});",
              "err": {
                "message": "AssertionError: expected [ Array(4) ] to not deeply equal [ Array(4) ]",
                "estack": "AssertionError: expected [ Array(4) ] to not deeply equal [ Array(4) ]\n    at getRet (http://localhost:40199/__cypress/runner/cypress_runner.js:136585:16)\n    at tryCatcher (http://localhost:40199/__cypress/runner/cypress_runner.js:167415:23)\n    at Function.Promise.attempt.Promise.try (http://localhost:40199/__cypress/runner/cypress_runner.js:164690:29)\n    at Context.thenFn (http://localhost:40199/__cypress/runner/cypress_runner.js:136599:23)\n    at Context.then (http://localhost:40199/__cypress/runner/cypress_runner.js:136971:21)\n    at Context.<anonymous> (http://localhost:40199/__cypress/runner/cypress_runner.js:148875:21)\n    at http://localhost:40199/__cypress/runner/cypress_runner.js:148351:33\n    at tryCatcher (http://localhost:40199/__cypress/runner/cypress_runner.js:167415:23)\n    at Promise._settlePromiseFromHandler (http://localhost:40199/__cypress/runner/cypress_runner.js:165351:31)\n    at Promise._settlePromise (http://localhost:40199/__cypress/runner/cypress_runner.js:165408:18)\n    at Promise._settlePromiseCtx (http://localhost:40199/__cypress/runner/cypress_runner.js:165445:10)\n    at Async../node_modules/bluebird/js/release/async.js.Async._drainQueue (http://localhost:40199/__cypress/runner/cypress_runner.js:162145:12)\n    at Async../node_modules/bluebird/js/release/async.js.Async._drainQueues (http://localhost:40199/__cypress/runner/cypress_runner.js:162150:10)\n    at Async.drainQueues (http://localhost:40199/__cypress/runner/cypress_runner.js:162024:14)",
                "diff": ""
              },
              "uuid": "60ddbeba-fea4-40a1-a863-40262f7379c7",
              "parentUUID": "0f666463-87ae-4250-a3ea-5eaacfcbf353",
              "isHook": false,
              "skipped": false
            },
            {
              "title": "Verifica se a cor preta ainda está presente e é a primeira na sua paleta de cores",
              "fullTitle": "12 - Faça com que as cores da paleta sejam geradas aleatoriamente ao carregar a página. Verifica se a cor preta ainda está presente e é a primeira na sua paleta de cores",
              "timedOut": null,
              "duration": 247,
              "state": "failed",
              "speed": null,
              "pass": false,
              "fail": true,
              "pending": false,
              "context": null,
              "code": "cy.get('.color').then(function (colors) {\n  var currentColors;\n  var previousColors;\n  previousColors = Array.from(colors).map(function (color) {\n    return Cypress.$(color).css('background-color');\n  });\n  expect(previousColors[0]).to.eq(BLACK);\n  for (var i = 0; i < 5; i += 1) {\n    cy.reload();\n    cy.get('.color').then(function (colors) {\n      currentColors = Array.from(colors).map(function (color) {\n        return Cypress.$(color).css('background-color');\n      });\n      expect(currentColors[0]).to.eq(BLACK);\n      expect(currentColors).not.to.deep.equal(previousColors);\n      previousColors = currentColors;\n    });\n  }\n});",
              "err": {
                "message": "AssertionError: expected [ Array(4) ] to not deeply equal [ Array(4) ]",
                "estack": "AssertionError: expected [ Array(4) ] to not deeply equal [ Array(4) ]\n    at getRet (http://localhost:40199/__cypress/runner/cypress_runner.js:136585:16)\n    at tryCatcher (http://localhost:40199/__cypress/runner/cypress_runner.js:167415:23)\n    at Function.Promise.attempt.Promise.try (http://localhost:40199/__cypress/runner/cypress_runner.js:164690:29)\n    at Context.thenFn (http://localhost:40199/__cypress/runner/cypress_runner.js:136599:23)\n    at Context.then (http://localhost:40199/__cypress/runner/cypress_runner.js:136971:21)\n    at Context.<anonymous> (http://localhost:40199/__cypress/runner/cypress_runner.js:148875:21)\n    at http://localhost:40199/__cypress/runner/cypress_runner.js:148351:33\n    at tryCatcher (http://localhost:40199/__cypress/runner/cypress_runner.js:167415:23)\n    at Promise._settlePromiseFromHandler (http://localhost:40199/__cypress/runner/cypress_runner.js:165351:31)\n    at Promise._settlePromise (http://localhost:40199/__cypress/runner/cypress_runner.js:165408:18)\n    at Promise._settlePromiseCtx (http://localhost:40199/__cypress/runner/cypress_runner.js:165445:10)\n    at Async../node_modules/bluebird/js/release/async.js.Async._drainQueue (http://localhost:40199/__cypress/runner/cypress_runner.js:162145:12)\n    at Async../node_modules/bluebird/js/release/async.js.Async._drainQueues (http://localhost:40199/__cypress/runner/cypress_runner.js:162150:10)\n    at Async.drainQueues (http://localhost:40199/__cypress/runner/cypress_runner.js:162024:14)",
                "diff": ""
              },
              "uuid": "f57df225-3afd-4edd-887d-b367b6a9a46c",
              "parentUUID": "0f666463-87ae-4250-a3ea-5eaacfcbf353",
              "isHook": false,
              "skipped": false
            }
          ],
          "suites": [],
          "passes": [],
          "failures": [
            "60ddbeba-fea4-40a1-a863-40262f7379c7",
            "f57df225-3afd-4edd-887d-b367b6a9a46c"
          ],
          "pending": [],
          "skipped": [],
          "duration": 517,
          "root": false,
          "rootEmpty": false,
          "_timeout": 2000
        }
      ],
      "passes": [],
      "failures": [],
      "pending": [],
      "skipped": [],
      "duration": 0,
      "root": true,
      "rootEmpty": true,
      "_timeout": 2000
    }
  ],
  "meta": {
    "mocha": {
      "version": "7.0.1"
    },
    "mochawesome": {
      "options": {
        "quiet": false,
        "reportFilename": "mochawesome",
        "saveHtml": false,
        "saveJson": true,
        "consoleReporter": "spec",
        "useInlineDiffs": false
      },
      "version": "4.1.0"
    },
    "marge": {
      "options": {
        "id": "default",
        "reportDir": "cypress/reports",
        "overwrite": true,
        "html": false,
        "json": true
      },
      "version": "4.1.0"
    }
  }
}