{
  "stats": {
    "suites": 12,
    "tests": 41,
    "passes": 20,
    "pending": 0,
    "failures": 21,
    "start": "2021-09-13T01:20:40.580Z",
    "end": "2021-09-13T01:22:13.472Z",
    "duration": 92892,
    "testsRegistered": 41,
    "passPercent": 48.78048780487805,
    "pendingPercent": 0,
    "other": 0,
    "hasOther": false,
    "skipped": 0,
    "hasSkipped": false
  },
  "results": [
    {
      "uuid": "395a7efe-c8bb-484b-a1b5-17cc2cd58ad7",
      "title": "",
      "fullFile": "cypress/integration/project.spec.js",
      "file": "cypress/integration/project.spec.js",
      "beforeHooks": [],
      "afterHooks": [],
      "tests": [],
      "suites": [
        {
          "uuid": "08814a95-9ad3-449a-ae17-4c7b9abf7cab",
          "title": "1 - Adicione à página o título \"Paleta de Cores\".",
          "fullFile": "",
          "file": "",
          "beforeHooks": [],
          "afterHooks": [],
          "tests": [
            {
              "title": "Verifica se contém um elemento `h1` com o id `title` com o título correto",
              "fullTitle": "1 - Adicione à página o título \"Paleta de Cores\". Verifica se contém um elemento `h1` com o id `title` com o título correto",
              "timedOut": null,
              "duration": 118,
              "state": "passed",
              "speed": "slow",
              "pass": true,
              "fail": false,
              "pending": false,
              "context": null,
              "code": "cy.get('h1#title').should('contain.text', 'Paleta de Cores');",
              "err": {},
              "uuid": "d90fdcc4-8c09-4af7-b944-3493d6f2ae56",
              "parentUUID": "08814a95-9ad3-449a-ae17-4c7b9abf7cab",
              "isHook": false,
              "skipped": false
            }
          ],
          "suites": [],
          "passes": [
            "d90fdcc4-8c09-4af7-b944-3493d6f2ae56"
          ],
          "failures": [],
          "pending": [],
          "skipped": [],
          "duration": 118,
          "root": false,
          "rootEmpty": false,
          "_timeout": 2000
        },
        {
          "uuid": "42f82b8e-e0a0-41be-b5e1-2cd87a6fa756",
          "title": "2 - Adicione à página uma paleta de quatro cores distintas.",
          "fullFile": "",
          "file": "",
          "beforeHooks": [],
          "afterHooks": [],
          "tests": [
            {
              "title": "A paleta de cores deve ser um elemento com `id` denominado `color-palette`",
              "fullTitle": "2 - Adicione à página uma paleta de quatro cores distintas. A paleta de cores deve ser um elemento com `id` denominado `color-palette`",
              "timedOut": null,
              "duration": 50,
              "state": "passed",
              "speed": "medium",
              "pass": true,
              "fail": false,
              "pending": false,
              "context": null,
              "code": "cy.get('#color-palette').should('be.visible');\ncy.get('#color-palette').children('.color');",
              "err": {},
              "uuid": "f8a4161d-d907-4db1-be72-3cad95b53268",
              "parentUUID": "42f82b8e-e0a0-41be-b5e1-2cd87a6fa756",
              "isHook": false,
              "skipped": false
            },
            {
              "title": "Verifica se cada cor individual da paleta de cores possui a `classe` chamada `color`.",
              "fullTitle": "2 - Adicione à página uma paleta de quatro cores distintas. Verifica se cada cor individual da paleta de cores possui a `classe` chamada `color`.",
              "timedOut": null,
              "duration": 66,
              "state": "passed",
              "speed": "medium",
              "pass": true,
              "fail": false,
              "pending": false,
              "context": null,
              "code": "cy.get('.color').should('have.length', 4).then(function (colors) {\n  for (var i = 0; i < colors.length; i++) {\n    cy.wrap(colors[i]).should('be.visible');\n  }\n});",
              "err": {},
              "uuid": "e9640b6a-bcd4-483f-874c-4dad468a8704",
              "parentUUID": "42f82b8e-e0a0-41be-b5e1-2cd87a6fa756",
              "isHook": false,
              "skipped": false
            },
            {
              "title": "Verifica se a cor de fundo de cada elemento da paleta é a cor que o elemento representa. **A única cor não permitida na paleta é a cor branca.**",
              "fullTitle": "2 - Adicione à página uma paleta de quatro cores distintas. Verifica se a cor de fundo de cada elemento da paleta é a cor que o elemento representa. **A única cor não permitida na paleta é a cor branca.**",
              "timedOut": null,
              "duration": 85,
              "state": "passed",
              "speed": "slow",
              "pass": true,
              "fail": false,
              "pending": false,
              "context": null,
              "code": "cy.get('.color').each(function (color) {\n  cy.wrap(color).should('have.class', 'color').and('not.have.css', 'background-color', WHITE);\n  cy.wrap(color).should('have.css', 'background-color');\n});",
              "err": {},
              "uuid": "c2c3941c-52cd-4446-b69c-dec4de2d0f0c",
              "parentUUID": "42f82b8e-e0a0-41be-b5e1-2cd87a6fa756",
              "isHook": false,
              "skipped": false
            },
            {
              "title": "Verifica se cada elemento da paleta de cores tem uma borda preta, sólida e com 1 pixel de largura;",
              "fullTitle": "2 - Adicione à página uma paleta de quatro cores distintas. Verifica se cada elemento da paleta de cores tem uma borda preta, sólida e com 1 pixel de largura;",
              "timedOut": null,
              "duration": 63,
              "state": "passed",
              "speed": "medium",
              "pass": true,
              "fail": false,
              "pending": false,
              "context": null,
              "code": "cy.get('.color').each(function (color) {\n  cy.wrap(color).and('have.css', 'border', \"1px solid \".concat(BLACK)).and('have.class', 'color');\n});",
              "err": {},
              "uuid": "083cdf7f-1749-4184-8474-03718509ad40",
              "parentUUID": "42f82b8e-e0a0-41be-b5e1-2cd87a6fa756",
              "isHook": false,
              "skipped": false
            },
            {
              "title": "Verifica se a paleta lista todas as cores disponíveis para utilização, lado a lado.",
              "fullTitle": "2 - Adicione à página uma paleta de quatro cores distintas. Verifica se a paleta lista todas as cores disponíveis para utilização, lado a lado.",
              "timedOut": null,
              "duration": 72,
              "state": "passed",
              "speed": "medium",
              "pass": true,
              "fail": false,
              "pending": false,
              "context": null,
              "code": "cy.get('.color').then(function (colors) {\n  for (var index = 1; index < colors.length; index += 1) {\n    var currentColor = colors[index];\n    var previousColor = colors[index - 1];\n    cy.wrap(currentColor).should('be.onTheRightOf', previousColor).and('be.horizontallyAlignedWith', previousColor);\n  }\n});",
              "err": {},
              "uuid": "ae6949df-d5e6-4d52-a902-a9cc40656ecb",
              "parentUUID": "42f82b8e-e0a0-41be-b5e1-2cd87a6fa756",
              "isHook": false,
              "skipped": false
            },
            {
              "title": "Verifica se a paleta de cores está posicionada abaixo do título 'Paleta de Cores'",
              "fullTitle": "2 - Adicione à página uma paleta de quatro cores distintas. Verifica se a paleta de cores está posicionada abaixo do título 'Paleta de Cores'",
              "timedOut": null,
              "duration": 70,
              "state": "passed",
              "speed": "medium",
              "pass": true,
              "fail": false,
              "pending": false,
              "context": null,
              "code": "cy.get('h1#title').then(function (title) {\n  cy.get('#color-palette').should('be.belowOf', title);\n});",
              "err": {},
              "uuid": "b3093218-a1ae-4ea0-ab22-947e0155e374",
              "parentUUID": "42f82b8e-e0a0-41be-b5e1-2cd87a6fa756",
              "isHook": false,
              "skipped": false
            },
            {
              "title": "Verifica se a paleta de cores não contém cores repetidas.",
              "fullTitle": "2 - Adicione à página uma paleta de quatro cores distintas. Verifica se a paleta de cores não contém cores repetidas.",
              "timedOut": null,
              "duration": 88,
              "state": "passed",
              "speed": "slow",
              "pass": true,
              "fail": false,
              "pending": false,
              "context": null,
              "code": "cy.get('.color').then(function (colors) {\n  var allColors = Array.from(colors).map(function (color) {\n    return Cypress.$(color).css('background-color');\n  });\n  cy.log(allColors);\n  var uniqColors = (0, _toConsumableArray2[\"default\"])(new Set(allColors));\n  cy.log(uniqColors);\n  expect(allColors.length).to.eq(uniqColors.length);\n});",
              "err": {},
              "uuid": "583c4752-6c4a-48df-a510-beb94be6041c",
              "parentUUID": "42f82b8e-e0a0-41be-b5e1-2cd87a6fa756",
              "isHook": false,
              "skipped": false
            }
          ],
          "suites": [],
          "passes": [
            "f8a4161d-d907-4db1-be72-3cad95b53268",
            "e9640b6a-bcd4-483f-874c-4dad468a8704",
            "c2c3941c-52cd-4446-b69c-dec4de2d0f0c",
            "083cdf7f-1749-4184-8474-03718509ad40",
            "ae6949df-d5e6-4d52-a902-a9cc40656ecb",
            "b3093218-a1ae-4ea0-ab22-947e0155e374",
            "583c4752-6c4a-48df-a510-beb94be6041c"
          ],
          "failures": [],
          "pending": [],
          "skipped": [],
          "duration": 494,
          "root": false,
          "rootEmpty": false,
          "_timeout": 2000
        },
        {
          "uuid": "7b94d4c2-be6c-4eac-b557-7a0e706fc593",
          "title": "3 - Adicione a cor **preta** como a primeira cor da paleta de cores.",
          "fullFile": "",
          "file": "",
          "beforeHooks": [],
          "afterHooks": [],
          "tests": [
            {
              "title": "Verifica se a primeira cor da paleta é preta",
              "fullTitle": "3 - Adicione a cor **preta** como a primeira cor da paleta de cores. Verifica se a primeira cor da paleta é preta",
              "timedOut": null,
              "duration": 86,
              "state": "passed",
              "speed": "slow",
              "pass": true,
              "fail": false,
              "pending": false,
              "context": null,
              "code": "cy.get('.color').first().should('have.css', 'background-color', BLACK);",
              "err": {},
              "uuid": "e0bee581-e9f7-451b-ae5c-66f747bd2742",
              "parentUUID": "7b94d4c2-be6c-4eac-b557-7a0e706fc593",
              "isHook": false,
              "skipped": false
            },
            {
              "title": "Verifica se as demais cores podem ser escolhidas livremente.",
              "fullTitle": "3 - Adicione a cor **preta** como a primeira cor da paleta de cores. Verifica se as demais cores podem ser escolhidas livremente.",
              "timedOut": null,
              "duration": 136,
              "state": "passed",
              "speed": "slow",
              "pass": true,
              "fail": false,
              "pending": false,
              "context": null,
              "code": "cy.get('.color').eq(1).should('not.have.css', 'background-color', BLACK);\ncy.get('.color').eq(1).should('not.have.css', 'background-color', WHITE);\ncy.get('.color').eq(1).should('not.have.css', 'background-color', 'rgba(0, 0, 0, 0)');\ncy.get('.color').eq(1).should('have.css', 'background-color');\ncy.get('.color').eq(2).should('not.have.css', 'background-color', BLACK);\ncy.get('.color').eq(2).should('not.have.css', 'background-color', WHITE);\ncy.get('.color').eq(2).should('not.have.css', 'background-color', 'rgba(0, 0, 0, 0)');\ncy.get('.color').eq(2).should('have.css', 'background-color');\ncy.get('.color').eq(3).should('not.have.css', 'background-color', BLACK);\ncy.get('.color').eq(3).should('not.have.css', 'background-color', WHITE);\ncy.get('.color').eq(3).should('not.have.css', 'background-color', 'rgba(0, 0, 0, 0)');\ncy.get('.color').eq(3).should('have.css', 'background-color');",
              "err": {},
              "uuid": "5aeaa00c-95eb-4f19-a9ea-df68e9ba4553",
              "parentUUID": "7b94d4c2-be6c-4eac-b557-7a0e706fc593",
              "isHook": false,
              "skipped": false
            }
          ],
          "suites": [],
          "passes": [
            "e0bee581-e9f7-451b-ae5c-66f747bd2742",
            "5aeaa00c-95eb-4f19-a9ea-df68e9ba4553"
          ],
          "failures": [],
          "pending": [],
          "skipped": [],
          "duration": 222,
          "root": false,
          "rootEmpty": false,
          "_timeout": 2000
        },
        {
          "uuid": "6240e9ba-0350-4859-881a-3882d34630e4",
          "title": "4 - Adicione à página um quadro de pixels, com 25 pixels.",
          "fullFile": "",
          "file": "",
          "beforeHooks": [],
          "afterHooks": [],
          "tests": [
            {
              "title": "Verifica se o quadro de pixels possui o `id` denominado `pixel-board`",
              "fullTitle": "4 - Adicione à página um quadro de pixels, com 25 pixels. Verifica se o quadro de pixels possui o `id` denominado `pixel-board`",
              "timedOut": null,
              "duration": 53,
              "state": "passed",
              "speed": "medium",
              "pass": true,
              "fail": false,
              "pending": false,
              "context": null,
              "code": "cy.get('#pixel-board').should('be.visible');",
              "err": {},
              "uuid": "df3c0ab1-d76e-4d96-bab0-70cf75ba9820",
              "parentUUID": "6240e9ba-0350-4859-881a-3882d34630e4",
              "isHook": false,
              "skipped": false
            },
            {
              "title": "Verifica se cada pixel individual dentro do quadro possui a `classe` denominada `pixel`.",
              "fullTitle": "4 - Adicione à página um quadro de pixels, com 25 pixels. Verifica se cada pixel individual dentro do quadro possui a `classe` denominada `pixel`.",
              "timedOut": null,
              "duration": 78,
              "state": "passed",
              "speed": "slow",
              "pass": true,
              "fail": false,
              "pending": false,
              "context": null,
              "code": "cy.get('.pixel').should('have.length', 25);",
              "err": {},
              "uuid": "5638ec37-06c0-4dea-9091-b420c143f586",
              "parentUUID": "6240e9ba-0350-4859-881a-3882d34630e4",
              "isHook": false,
              "skipped": false
            },
            {
              "title": "Verifica se a cor inicial dos pixels dentro do quadro, ao abrir a página, é branca.",
              "fullTitle": "4 - Adicione à página um quadro de pixels, com 25 pixels. Verifica se a cor inicial dos pixels dentro do quadro, ao abrir a página, é branca.",
              "timedOut": null,
              "duration": 106,
              "state": "passed",
              "speed": "slow",
              "pass": true,
              "fail": false,
              "pending": false,
              "context": null,
              "code": "cy.get('.pixel').should('have.length', 25).each(function (pixel) {\n  expect(pixel).to.have.css('background-color', WHITE);\n});",
              "err": {},
              "uuid": "4223f478-8ede-475b-9abf-30308413e9e4",
              "parentUUID": "6240e9ba-0350-4859-881a-3882d34630e4",
              "isHook": false,
              "skipped": false
            },
            {
              "title": "Verifica se o quadro de pixels aparece abaixo da paleta de cores",
              "fullTitle": "4 - Adicione à página um quadro de pixels, com 25 pixels. Verifica se o quadro de pixels aparece abaixo da paleta de cores",
              "timedOut": null,
              "duration": 68,
              "state": "passed",
              "speed": "medium",
              "pass": true,
              "fail": false,
              "pending": false,
              "context": null,
              "code": "cy.get('#color-palette').then(function (palette) {\n  cy.get('#pixel-board').should('be.belowOf', palette);\n});",
              "err": {},
              "uuid": "4dc7baac-ae74-4f7c-9488-d84900b99d91",
              "parentUUID": "6240e9ba-0350-4859-881a-3882d34630e4",
              "isHook": false,
              "skipped": false
            }
          ],
          "suites": [],
          "passes": [
            "df3c0ab1-d76e-4d96-bab0-70cf75ba9820",
            "5638ec37-06c0-4dea-9091-b420c143f586",
            "4223f478-8ede-475b-9abf-30308413e9e4",
            "4dc7baac-ae74-4f7c-9488-d84900b99d91"
          ],
          "failures": [],
          "pending": [],
          "skipped": [],
          "duration": 305,
          "root": false,
          "rootEmpty": false,
          "_timeout": 2000
        },
        {
          "uuid": "f46c8663-96fa-49b4-b156-dc8e035b0793",
          "title": "5 - Faça com que cada elemento do quadro de pixels possua 40 pixels de largura, 40 pixels de altura e seja delimitado por uma borda preta de 1 pixel.",
          "fullFile": "",
          "file": "",
          "beforeHooks": [],
          "afterHooks": [],
          "tests": [
            {
              "title": "Verifica se o quadro de pixels tem altura e comprimento de 5 elementos",
              "fullTitle": "5 - Faça com que cada elemento do quadro de pixels possua 40 pixels de largura, 40 pixels de altura e seja delimitado por uma borda preta de 1 pixel. Verifica se o quadro de pixels tem altura e comprimento de 5 elementos",
              "timedOut": null,
              "duration": 161,
              "state": "passed",
              "speed": "slow",
              "pass": true,
              "fail": false,
              "pending": false,
              "context": null,
              "code": "cy.get('.pixel').should('have.length', 25).each(function (pixel) {\n  expect(pixel).to.have.css('background-color', WHITE);\n}).and(function (pixels) {\n  var rows = chunk(pixels, 5);\n  rows.forEach(function (row) {\n    for (var index = 1; index < row.length; index += 1) {\n      var current = pixels[index];\n      var previous = pixels[index - 1];\n      cy.wrap(current).should('be.onTheRightOf', previous).and('be.horizontallyAlignedWith', previous);\n    }\n  });\n  for (var index = 1; index < 5; index += 1) {\n    expect(pixels[index * 5]).to.be.belowOf(pixels[(index - 1) * 5]);\n  }\n});",
              "err": {},
              "uuid": "92220503-c1fe-48f3-bb0d-c3bb6e470ac8",
              "parentUUID": "f46c8663-96fa-49b4-b156-dc8e035b0793",
              "isHook": false,
              "skipped": false
            },
            {
              "title": "Verifica se 40 pixels é o tamanho total do elemento, incluindo seu conteúdo e excluindo a borda preta, que deve ser criada à parte.",
              "fullTitle": "5 - Faça com que cada elemento do quadro de pixels possua 40 pixels de largura, 40 pixels de altura e seja delimitado por uma borda preta de 1 pixel. Verifica se 40 pixels é o tamanho total do elemento, incluindo seu conteúdo e excluindo a borda preta, que deve ser criada à parte.",
              "timedOut": null,
              "duration": 4217,
              "state": "failed",
              "speed": null,
              "pass": false,
              "fail": true,
              "pending": false,
              "context": null,
              "code": "cy.get('.pixel').each(function (pixel) {\n  cy.wrap(pixel).should('have.css', 'height', '40px').and('have.css', 'width', '40px').and('have.css', 'border', \"1px solid \".concat(BLACK));\n});",
              "err": {
                "message": "CypressError: Timed out retrying: expected '<div.pixel>' to have CSS property 'height' with the value '40px', but the value was '38px'",
                "estack": "CypressError: Timed out retrying: expected '<div.pixel>' to have CSS property 'height' with the value '40px', but the value was '38px'\n    at cypressErr (http://localhost:45681/__cypress/runner/cypress_runner.js:149934:9)\n    at throwErr (http://localhost:45681/__cypress/runner/cypress_runner.js:149867:11)\n    at Object.throwErrByPath (http://localhost:45681/__cypress/runner/cypress_runner.js:149915:3)\n    at retry (http://localhost:45681/__cypress/runner/cypress_runner.js:144197:19)\n    at onFailFn (http://localhost:45681/__cypress/runner/cypress_runner.js:132448:16)\n    at tryCatcher (http://localhost:45681/__cypress/runner/cypress_runner.js:167415:23)\n    at Promise._settlePromiseFromHandler (http://localhost:45681/__cypress/runner/cypress_runner.js:165351:31)\n    at Promise._settlePromise (http://localhost:45681/__cypress/runner/cypress_runner.js:165408:18)\n    at Promise._settlePromise0 (http://localhost:45681/__cypress/runner/cypress_runner.js:165453:10)\n    at Promise._settlePromises (http://localhost:45681/__cypress/runner/cypress_runner.js:165528:18)\n    at Async../node_modules/bluebird/js/release/async.js.Async._drainQueue (http://localhost:45681/__cypress/runner/cypress_runner.js:162140:16)\n    at Async../node_modules/bluebird/js/release/async.js.Async._drainQueues (http://localhost:45681/__cypress/runner/cypress_runner.js:162150:10)\n    at Async.drainQueues (http://localhost:45681/__cypress/runner/cypress_runner.js:162024:14)",
                "diff": null
              },
              "uuid": "845ef69c-a4c7-432f-8a59-78f4c9bbc91a",
              "parentUUID": "f46c8663-96fa-49b4-b156-dc8e035b0793",
              "isHook": false,
              "skipped": false
            }
          ],
          "suites": [],
          "passes": [
            "92220503-c1fe-48f3-bb0d-c3bb6e470ac8"
          ],
          "failures": [
            "845ef69c-a4c7-432f-8a59-78f4c9bbc91a"
          ],
          "pending": [],
          "skipped": [],
          "duration": 4378,
          "root": false,
          "rootEmpty": false,
          "_timeout": 2000
        },
        {
          "uuid": "3bbb0303-66a1-49b7-8b40-bcde7f76adea",
          "title": "6 - Defina a cor preta como cor inicial. Ao carregar a página a cor preta já deve estar selecionada para pintar os pixels",
          "fullFile": "",
          "file": "",
          "beforeHooks": [],
          "afterHooks": [],
          "tests": [
            {
              "title": "Verifica se o elemento da cor preta possui, inicialmente, a `classe` `selected`",
              "fullTitle": "6 - Defina a cor preta como cor inicial. Ao carregar a página a cor preta já deve estar selecionada para pintar os pixels Verifica se o elemento da cor preta possui, inicialmente, a `classe` `selected`",
              "timedOut": null,
              "duration": 85,
              "state": "passed",
              "speed": "slow",
              "pass": true,
              "fail": false,
              "pending": false,
              "context": null,
              "code": "cy.get('.selected').first().should('have.css', 'background-color', BLACK);",
              "err": {},
              "uuid": "6f8f014d-ba21-48f2-bfb6-cf6e1f98e641",
              "parentUUID": "3bbb0303-66a1-49b7-8b40-bcde7f76adea",
              "isHook": false,
              "skipped": false
            },
            {
              "title": "Verifica se nenhuma outra cor da paleta tem a `classe` `selected`",
              "fullTitle": "6 - Defina a cor preta como cor inicial. Ao carregar a página a cor preta já deve estar selecionada para pintar os pixels Verifica se nenhuma outra cor da paleta tem a `classe` `selected`",
              "timedOut": null,
              "duration": 81,
              "state": "passed",
              "speed": "slow",
              "pass": true,
              "fail": false,
              "pending": false,
              "context": null,
              "code": "cy.get('.color:not(:first-child)').each(function (color) {\n  cy.wrap(color).should('not.have.class', 'selected');\n});",
              "err": {},
              "uuid": "6456ca13-64bc-4186-9100-7ff6870059f8",
              "parentUUID": "3bbb0303-66a1-49b7-8b40-bcde7f76adea",
              "isHook": false,
              "skipped": false
            }
          ],
          "suites": [],
          "passes": [
            "6f8f014d-ba21-48f2-bfb6-cf6e1f98e641",
            "6456ca13-64bc-4186-9100-7ff6870059f8"
          ],
          "failures": [],
          "pending": [],
          "skipped": [],
          "duration": 166,
          "root": false,
          "rootEmpty": false,
          "_timeout": 2000
        },
        {
          "uuid": "f0bf820b-2426-4a25-a8e9-f6ff772e8e9a",
          "title": "7 - Clicar em uma das cores da paleta, faz com que ela seja selecionada e utilizada para preencher os pixels no quadro.",
          "fullFile": "",
          "file": "",
          "beforeHooks": [],
          "afterHooks": [],
          "tests": [
            {
              "title": "Verifica se somente uma cor da paleta de cores tem a classe `selected` de cada vez",
              "fullTitle": "7 - Clicar em uma das cores da paleta, faz com que ela seja selecionada e utilizada para preencher os pixels no quadro. Verifica se somente uma cor da paleta de cores tem a classe `selected` de cada vez",
              "timedOut": null,
              "duration": 376,
              "state": "passed",
              "speed": "slow",
              "pass": true,
              "fail": false,
              "pending": false,
              "context": null,
              "code": "cy.get('.color').each(function (selectedColor, selectedColorIndex) {\n  cy.wrap(selectedColor).click();\n  cy.get('.color').each(function (color, colorIndex) {\n    if (colorIndex === selectedColorIndex) {\n      expect(color).to.have[\"class\"]('selected');\n    } else {\n      expect(color).not.to.have[\"class\"]('selected');\n    }\n  });\n});",
              "err": {},
              "uuid": "2e580366-7ed2-441f-afd9-7e2a3436ff01",
              "parentUUID": "f0bf820b-2426-4a25-a8e9-f6ff772e8e9a",
              "isHook": false,
              "skipped": false
            },
            {
              "title": "Verifica se os pixels dentro do quadro não têm a classe `selected` quando são clicados",
              "fullTitle": "7 - Clicar em uma das cores da paleta, faz com que ela seja selecionada e utilizada para preencher os pixels no quadro. Verifica se os pixels dentro do quadro não têm a classe `selected` quando são clicados",
              "timedOut": null,
              "duration": 7886,
              "state": "passed",
              "speed": "slow",
              "pass": true,
              "fail": false,
              "pending": false,
              "context": null,
              "code": "cy.get('.color').each(function (color) {\n  var backgroundColor = color.css('background-color');\n  cy.wrap(color).click();\n  cy.get('.pixel').each(function (pixel) {\n    cy.wrap(pixel).click().should('not.have.class', 'selected');\n  });\n});",
              "err": {},
              "uuid": "69eccf29-a395-4098-85de-1cfb667bb108",
              "parentUUID": "f0bf820b-2426-4a25-a8e9-f6ff772e8e9a",
              "isHook": false,
              "skipped": false
            }
          ],
          "suites": [],
          "passes": [
            "2e580366-7ed2-441f-afd9-7e2a3436ff01",
            "69eccf29-a395-4098-85de-1cfb667bb108"
          ],
          "failures": [],
          "pending": [],
          "skipped": [],
          "duration": 8262,
          "root": false,
          "rootEmpty": false,
          "_timeout": 2000
        },
        {
          "uuid": "69bc02a2-f472-4b1b-a049-ba237e95ee57",
          "title": "8 - Clicar em um pixel dentro do quadro após selecionar uma cor na paleta, faz com que o pixel seja preenchido com a cor selecionada.",
          "fullFile": "",
          "file": "",
          "beforeHooks": [],
          "afterHooks": [],
          "tests": [
            {
              "title": "Verifica se ao carregar a página deve ser possível pintar os pixels de preto",
              "fullTitle": "8 - Clicar em um pixel dentro do quadro após selecionar uma cor na paleta, faz com que o pixel seja preenchido com a cor selecionada. Verifica se ao carregar a página deve ser possível pintar os pixels de preto",
              "timedOut": null,
              "duration": 4314,
              "state": "failed",
              "speed": null,
              "pass": false,
              "fail": true,
              "pending": false,
              "context": null,
              "code": "cy.get('.pixel').each(function (pixel) {\n  cy.wrap(pixel).click().should('have.css', 'background-color', BLACK);\n});",
              "err": {
                "message": "CypressError: Timed out retrying: expected '<div.pixel>' to have CSS property 'background-color' with the value 'rgb(0, 0, 0)', but the value was 'rgb(255, 255, 255)'",
                "estack": "CypressError: Timed out retrying: expected '<div.pixel>' to have CSS property 'background-color' with the value 'rgb(0, 0, 0)', but the value was 'rgb(255, 255, 255)'\n    at cypressErr (http://localhost:45681/__cypress/runner/cypress_runner.js:149934:9)\n    at throwErr (http://localhost:45681/__cypress/runner/cypress_runner.js:149867:11)\n    at Object.throwErrByPath (http://localhost:45681/__cypress/runner/cypress_runner.js:149915:3)\n    at retry (http://localhost:45681/__cypress/runner/cypress_runner.js:144197:19)\n    at onFailFn (http://localhost:45681/__cypress/runner/cypress_runner.js:132448:16)\n    at tryCatcher (http://localhost:45681/__cypress/runner/cypress_runner.js:167415:23)\n    at Promise._settlePromiseFromHandler (http://localhost:45681/__cypress/runner/cypress_runner.js:165351:31)\n    at Promise._settlePromise (http://localhost:45681/__cypress/runner/cypress_runner.js:165408:18)\n    at Promise._settlePromise0 (http://localhost:45681/__cypress/runner/cypress_runner.js:165453:10)\n    at Promise._settlePromises (http://localhost:45681/__cypress/runner/cypress_runner.js:165528:18)\n    at Async../node_modules/bluebird/js/release/async.js.Async._drainQueue (http://localhost:45681/__cypress/runner/cypress_runner.js:162140:16)\n    at Async../node_modules/bluebird/js/release/async.js.Async._drainQueues (http://localhost:45681/__cypress/runner/cypress_runner.js:162150:10)\n    at Async.drainQueues (http://localhost:45681/__cypress/runner/cypress_runner.js:162024:14)",
                "diff": null
              },
              "uuid": "681b9c75-1f26-4c96-a91a-b974ce3eb9d4",
              "parentUUID": "69bc02a2-f472-4b1b-a049-ba237e95ee57",
              "isHook": false,
              "skipped": false
            },
            {
              "title": "Verifica se após selecionar uma outra cor na paleta, é possível pintar os pixels com essa cor",
              "fullTitle": "8 - Clicar em um pixel dentro do quadro após selecionar uma cor na paleta, faz com que o pixel seja preenchido com a cor selecionada. Verifica se após selecionar uma outra cor na paleta, é possível pintar os pixels com essa cor",
              "timedOut": null,
              "duration": 4383,
              "state": "failed",
              "speed": null,
              "pass": false,
              "fail": true,
              "pending": false,
              "context": null,
              "code": "cy.get('.color').each(function (color) {\n  var backgroundColor = color.css('background-color');\n  cy.wrap(color).click();\n  cy.get('.pixel').each(function (pixel) {\n    cy.wrap(pixel).click().should('have.css', 'background-color', backgroundColor);\n  });\n});",
              "err": {
                "message": "CypressError: Timed out retrying: expected '<div.pixel>' to have CSS property 'background-color' with the value 'rgb(0, 0, 0)', but the value was 'rgb(255, 255, 255)'",
                "estack": "CypressError: Timed out retrying: expected '<div.pixel>' to have CSS property 'background-color' with the value 'rgb(0, 0, 0)', but the value was 'rgb(255, 255, 255)'\n    at cypressErr (http://localhost:45681/__cypress/runner/cypress_runner.js:149934:9)\n    at throwErr (http://localhost:45681/__cypress/runner/cypress_runner.js:149867:11)\n    at Object.throwErrByPath (http://localhost:45681/__cypress/runner/cypress_runner.js:149915:3)\n    at retry (http://localhost:45681/__cypress/runner/cypress_runner.js:144197:19)\n    at onFailFn (http://localhost:45681/__cypress/runner/cypress_runner.js:132448:16)\n    at tryCatcher (http://localhost:45681/__cypress/runner/cypress_runner.js:167415:23)\n    at Promise._settlePromiseFromHandler (http://localhost:45681/__cypress/runner/cypress_runner.js:165351:31)\n    at Promise._settlePromise (http://localhost:45681/__cypress/runner/cypress_runner.js:165408:18)\n    at Promise._settlePromise0 (http://localhost:45681/__cypress/runner/cypress_runner.js:165453:10)\n    at Promise._settlePromises (http://localhost:45681/__cypress/runner/cypress_runner.js:165528:18)\n    at Async../node_modules/bluebird/js/release/async.js.Async._drainQueue (http://localhost:45681/__cypress/runner/cypress_runner.js:162140:16)\n    at Async../node_modules/bluebird/js/release/async.js.Async._drainQueues (http://localhost:45681/__cypress/runner/cypress_runner.js:162150:10)\n    at Async.drainQueues (http://localhost:45681/__cypress/runner/cypress_runner.js:162024:14)",
                "diff": null
              },
              "uuid": "61dd7c7f-3755-4947-97f9-25e125dd21e2",
              "parentUUID": "69bc02a2-f472-4b1b-a049-ba237e95ee57",
              "isHook": false,
              "skipped": false
            },
            {
              "title": "Verifica se somente o pixel que foi clicado foi preenchido com a cor selecionada, sem influenciar na cor dos demais pixels.",
              "fullTitle": "8 - Clicar em um pixel dentro do quadro após selecionar uma cor na paleta, faz com que o pixel seja preenchido com a cor selecionada. Verifica se somente o pixel que foi clicado foi preenchido com a cor selecionada, sem influenciar na cor dos demais pixels.",
              "timedOut": null,
              "duration": 1066,
              "state": "passed",
              "speed": "slow",
              "pass": true,
              "fail": false,
              "pending": false,
              "context": null,
              "code": "var colorToPixelIndexMap = {\n  0: 6,\n  1: 8,\n  2: 16,\n  3: 18\n};\ncy.get('.color').each(function (color, index) {\n  cy.wrap(color).click();\n  var backgroundColor = color.css('background-color');\n  var clickedPixelIndex = colorToPixelIndexMap[index];\n  cy.get('.pixel').eq(clickedPixelIndex).click();\n  cy.get('.pixel').eq(clickedPixelIndex - 1).should('not.have.css', 'background-color', backgroundColor);\n  cy.get('.pixel').eq(clickedPixelIndex + 1).should('not.have.css', 'background-color', backgroundColor);\n  cy.get('.pixel').eq(clickedPixelIndex - 5).should('not.have.css', 'background-color', backgroundColor);\n  cy.get('.pixel').eq(clickedPixelIndex + 5).should('not.have.css', 'background-color', backgroundColor);\n  cy.get('.pixel').eq(clickedPixelIndex - 6).should('not.have.css', 'background-color', backgroundColor);\n  cy.get('.pixel').eq(clickedPixelIndex - 4).should('not.have.css', 'background-color', backgroundColor);\n  cy.get('.pixel').eq(clickedPixelIndex + 4).should('not.have.css', 'background-color', backgroundColor);\n  cy.get('.pixel').eq(clickedPixelIndex + 6).should('not.have.css', 'background-color', backgroundColor);\n});",
              "err": {},
              "uuid": "922baf9a-cde3-4a5e-ab2e-41aac507b115",
              "parentUUID": "69bc02a2-f472-4b1b-a049-ba237e95ee57",
              "isHook": false,
              "skipped": false
            }
          ],
          "suites": [],
          "passes": [
            "922baf9a-cde3-4a5e-ab2e-41aac507b115"
          ],
          "failures": [
            "681b9c75-1f26-4c96-a91a-b974ce3eb9d4",
            "61dd7c7f-3755-4947-97f9-25e125dd21e2"
          ],
          "pending": [],
          "skipped": [],
          "duration": 9763,
          "root": false,
          "rootEmpty": false,
          "_timeout": 2000
        },
        {
          "uuid": "ec0717fc-38fa-4989-9566-aeaf49a85bb5",
          "title": "9 - Crie um botão que, ao ser clicado, limpa o quadro preenchendo a cor de todos seus pixels com branco.",
          "fullFile": "",
          "file": "",
          "beforeHooks": [],
          "afterHooks": [],
          "tests": [
            {
              "title": "Verifica se o botão tem o `id` denominado `clear-board`",
              "fullTitle": "9 - Crie um botão que, ao ser clicado, limpa o quadro preenchendo a cor de todos seus pixels com branco. Verifica se o botão tem o `id` denominado `clear-board`",
              "timedOut": null,
              "duration": 4191,
              "state": "failed",
              "speed": null,
              "pass": false,
              "fail": true,
              "pending": false,
              "context": null,
              "code": "cy.get('#clear-board').should('be.visible');",
              "err": {
                "message": "CypressError: Timed out retrying: Expected to find element: '#clear-board', but never found it.",
                "estack": "CypressError: Timed out retrying: Expected to find element: '#clear-board', but never found it.\n    at cypressErr (http://localhost:45681/__cypress/runner/cypress_runner.js:149934:9)\n    at throwErr (http://localhost:45681/__cypress/runner/cypress_runner.js:149867:11)\n    at Object.throwErrByPath (http://localhost:45681/__cypress/runner/cypress_runner.js:149915:3)\n    at retry (http://localhost:45681/__cypress/runner/cypress_runner.js:144197:19)\n    at onFailFn (http://localhost:45681/__cypress/runner/cypress_runner.js:132448:16)\n    at tryCatcher (http://localhost:45681/__cypress/runner/cypress_runner.js:167415:23)\n    at Promise._settlePromiseFromHandler (http://localhost:45681/__cypress/runner/cypress_runner.js:165351:31)\n    at Promise._settlePromise (http://localhost:45681/__cypress/runner/cypress_runner.js:165408:18)\n    at Promise._settlePromise0 (http://localhost:45681/__cypress/runner/cypress_runner.js:165453:10)\n    at Promise._settlePromises (http://localhost:45681/__cypress/runner/cypress_runner.js:165528:18)\n    at Async../node_modules/bluebird/js/release/async.js.Async._drainQueue (http://localhost:45681/__cypress/runner/cypress_runner.js:162140:16)\n    at Async../node_modules/bluebird/js/release/async.js.Async._drainQueues (http://localhost:45681/__cypress/runner/cypress_runner.js:162150:10)\n    at Async.drainQueues (http://localhost:45681/__cypress/runner/cypress_runner.js:162024:14)",
                "diff": null
              },
              "uuid": "9ca94ad5-a4bd-4ec4-99ca-fa7dee9922e6",
              "parentUUID": "ec0717fc-38fa-4989-9566-aeaf49a85bb5",
              "isHook": false,
              "skipped": false
            },
            {
              "title": "Verifica se o botão está posicionado entre a paleta de cores e o quadro de pixels",
              "fullTitle": "9 - Crie um botão que, ao ser clicado, limpa o quadro preenchendo a cor de todos seus pixels com branco. Verifica se o botão está posicionado entre a paleta de cores e o quadro de pixels",
              "timedOut": null,
              "duration": 4215,
              "state": "failed",
              "speed": null,
              "pass": false,
              "fail": true,
              "pending": false,
              "context": null,
              "code": "cy.get('#color-palette').then(function (palette) {\n  cy.get('#clear-board').should('be.belowOf', palette);\n});\ncy.get('#clear-board').then(function (clearBtn) {\n  cy.get('#pixel-board').should('be.belowOf', clearBtn);\n});",
              "err": {
                "message": "CypressError: Timed out retrying: Expected to find element: '#clear-board', but never found it.",
                "estack": "CypressError: Timed out retrying: Expected to find element: '#clear-board', but never found it.\n    at cypressErr (http://localhost:45681/__cypress/runner/cypress_runner.js:149934:9)\n    at throwErr (http://localhost:45681/__cypress/runner/cypress_runner.js:149867:11)\n    at Object.throwErrByPath (http://localhost:45681/__cypress/runner/cypress_runner.js:149915:3)\n    at retry (http://localhost:45681/__cypress/runner/cypress_runner.js:144197:19)\n    at onFailFn (http://localhost:45681/__cypress/runner/cypress_runner.js:132448:16)\n    at tryCatcher (http://localhost:45681/__cypress/runner/cypress_runner.js:167415:23)\n    at Promise._settlePromiseFromHandler (http://localhost:45681/__cypress/runner/cypress_runner.js:165351:31)\n    at Promise._settlePromise (http://localhost:45681/__cypress/runner/cypress_runner.js:165408:18)\n    at Promise._settlePromise0 (http://localhost:45681/__cypress/runner/cypress_runner.js:165453:10)\n    at Promise._settlePromises (http://localhost:45681/__cypress/runner/cypress_runner.js:165528:18)\n    at Async../node_modules/bluebird/js/release/async.js.Async._drainQueue (http://localhost:45681/__cypress/runner/cypress_runner.js:162140:16)\n    at Async../node_modules/bluebird/js/release/async.js.Async._drainQueues (http://localhost:45681/__cypress/runner/cypress_runner.js:162150:10)\n    at Async.drainQueues (http://localhost:45681/__cypress/runner/cypress_runner.js:162024:14)",
                "diff": null
              },
              "uuid": "c04d4d00-b0e8-495e-b1f0-db7e85532cb6",
              "parentUUID": "ec0717fc-38fa-4989-9566-aeaf49a85bb5",
              "isHook": false,
              "skipped": false
            },
            {
              "title": "Verifica se o texto do botão é 'Limpar'",
              "fullTitle": "9 - Crie um botão que, ao ser clicado, limpa o quadro preenchendo a cor de todos seus pixels com branco. Verifica se o texto do botão é 'Limpar'",
              "timedOut": null,
              "duration": 4226,
              "state": "failed",
              "speed": null,
              "pass": false,
              "fail": true,
              "pending": false,
              "context": null,
              "code": "cy.get('#clear-board').should('contain.text', 'Limpar');",
              "err": {
                "message": "CypressError: Timed out retrying: Expected to find element: '#clear-board', but never found it.",
                "estack": "CypressError: Timed out retrying: Expected to find element: '#clear-board', but never found it.\n    at cypressErr (http://localhost:45681/__cypress/runner/cypress_runner.js:149934:9)\n    at throwErr (http://localhost:45681/__cypress/runner/cypress_runner.js:149867:11)\n    at Object.throwErrByPath (http://localhost:45681/__cypress/runner/cypress_runner.js:149915:3)\n    at retry (http://localhost:45681/__cypress/runner/cypress_runner.js:144197:19)\n    at onFailFn (http://localhost:45681/__cypress/runner/cypress_runner.js:132448:16)\n    at tryCatcher (http://localhost:45681/__cypress/runner/cypress_runner.js:167415:23)\n    at Promise._settlePromiseFromHandler (http://localhost:45681/__cypress/runner/cypress_runner.js:165351:31)\n    at Promise._settlePromise (http://localhost:45681/__cypress/runner/cypress_runner.js:165408:18)\n    at Promise._settlePromise0 (http://localhost:45681/__cypress/runner/cypress_runner.js:165453:10)\n    at Promise._settlePromises (http://localhost:45681/__cypress/runner/cypress_runner.js:165528:18)\n    at Async../node_modules/bluebird/js/release/async.js.Async._drainQueue (http://localhost:45681/__cypress/runner/cypress_runner.js:162140:16)\n    at Async../node_modules/bluebird/js/release/async.js.Async._drainQueues (http://localhost:45681/__cypress/runner/cypress_runner.js:162150:10)\n    at Async.drainQueues (http://localhost:45681/__cypress/runner/cypress_runner.js:162024:14)",
                "diff": null
              },
              "uuid": "db9cb42d-4d26-4023-9338-5a41949acc1f",
              "parentUUID": "ec0717fc-38fa-4989-9566-aeaf49a85bb5",
              "isHook": false,
              "skipped": false
            },
            {
              "title": "Verifica se ao clicar no botão, o quadro de pixels é totalmente preenchido de branco",
              "fullTitle": "9 - Crie um botão que, ao ser clicado, limpa o quadro preenchendo a cor de todos seus pixels com branco. Verifica se ao clicar no botão, o quadro de pixels é totalmente preenchido de branco",
              "timedOut": null,
              "duration": 4402,
              "state": "failed",
              "speed": null,
              "pass": false,
              "fail": true,
              "pending": false,
              "context": null,
              "code": "cy.get('.color').eq(1).then(function (color) {\n  var backgroundColor = color.css('background-color');\n  cy.wrap(color).click();\n  cy.get('.pixel').each(function (pixel) {\n    cy.wrap(pixel).click().should('have.css', 'background-color', backgroundColor);\n  });\n});\ncy.get('#clear-board').click();\ncy.get('.pixel').each(function (pixel) {\n  cy.wrap(pixel).should('have.css', 'background-color', WHITE);\n});",
              "err": {
                "message": "CypressError: Timed out retrying: expected '<div.pixel>' to have CSS property 'background-color' with the value 'rgb(0, 128, 0)', but the value was 'rgb(255, 255, 255)'",
                "estack": "CypressError: Timed out retrying: expected '<div.pixel>' to have CSS property 'background-color' with the value 'rgb(0, 128, 0)', but the value was 'rgb(255, 255, 255)'\n    at cypressErr (http://localhost:45681/__cypress/runner/cypress_runner.js:149934:9)\n    at throwErr (http://localhost:45681/__cypress/runner/cypress_runner.js:149867:11)\n    at Object.throwErrByPath (http://localhost:45681/__cypress/runner/cypress_runner.js:149915:3)\n    at retry (http://localhost:45681/__cypress/runner/cypress_runner.js:144197:19)\n    at onFailFn (http://localhost:45681/__cypress/runner/cypress_runner.js:132448:16)\n    at tryCatcher (http://localhost:45681/__cypress/runner/cypress_runner.js:167415:23)\n    at Promise._settlePromiseFromHandler (http://localhost:45681/__cypress/runner/cypress_runner.js:165351:31)\n    at Promise._settlePromise (http://localhost:45681/__cypress/runner/cypress_runner.js:165408:18)\n    at Promise._settlePromise0 (http://localhost:45681/__cypress/runner/cypress_runner.js:165453:10)\n    at Promise._settlePromises (http://localhost:45681/__cypress/runner/cypress_runner.js:165528:18)\n    at Async../node_modules/bluebird/js/release/async.js.Async._drainQueue (http://localhost:45681/__cypress/runner/cypress_runner.js:162140:16)\n    at Async../node_modules/bluebird/js/release/async.js.Async._drainQueues (http://localhost:45681/__cypress/runner/cypress_runner.js:162150:10)\n    at Async.drainQueues (http://localhost:45681/__cypress/runner/cypress_runner.js:162024:14)",
                "diff": null
              },
              "uuid": "6e4c9231-b9ef-4dd8-9bc8-35d00fdf610c",
              "parentUUID": "ec0717fc-38fa-4989-9566-aeaf49a85bb5",
              "isHook": false,
              "skipped": false
            }
          ],
          "suites": [],
          "passes": [],
          "failures": [
            "9ca94ad5-a4bd-4ec4-99ca-fa7dee9922e6",
            "c04d4d00-b0e8-495e-b1f0-db7e85532cb6",
            "db9cb42d-4d26-4023-9338-5a41949acc1f",
            "6e4c9231-b9ef-4dd8-9bc8-35d00fdf610c"
          ],
          "pending": [],
          "skipped": [],
          "duration": 17034,
          "root": false,
          "rootEmpty": false,
          "_timeout": 2000
        },
        {
          "uuid": "b9fd33df-d61d-4555-9160-0f58485c1892",
          "title": "10 - Faça o quadro de pixels ter seu tamanho definido pelo usuário.",
          "fullFile": "",
          "file": "",
          "beforeHooks": [],
          "afterHooks": [],
          "tests": [
            {
              "title": "Verifica se existe um input com o id `board-size`",
              "fullTitle": "10 - Faça o quadro de pixels ter seu tamanho definido pelo usuário. Verifica se existe um input com o id `board-size`",
              "timedOut": null,
              "duration": 4228,
              "state": "failed",
              "speed": null,
              "pass": false,
              "fail": true,
              "pending": false,
              "context": null,
              "code": "cy.get('#board-size').should('be.visible');",
              "err": {
                "message": "CypressError: Timed out retrying: Expected to find element: '#board-size', but never found it.",
                "estack": "CypressError: Timed out retrying: Expected to find element: '#board-size', but never found it.\n    at cypressErr (http://localhost:45681/__cypress/runner/cypress_runner.js:149934:9)\n    at throwErr (http://localhost:45681/__cypress/runner/cypress_runner.js:149867:11)\n    at Object.throwErrByPath (http://localhost:45681/__cypress/runner/cypress_runner.js:149915:3)\n    at retry (http://localhost:45681/__cypress/runner/cypress_runner.js:144197:19)\n    at onFailFn (http://localhost:45681/__cypress/runner/cypress_runner.js:132448:16)\n    at tryCatcher (http://localhost:45681/__cypress/runner/cypress_runner.js:167415:23)\n    at Promise._settlePromiseFromHandler (http://localhost:45681/__cypress/runner/cypress_runner.js:165351:31)\n    at Promise._settlePromise (http://localhost:45681/__cypress/runner/cypress_runner.js:165408:18)\n    at Promise._settlePromise0 (http://localhost:45681/__cypress/runner/cypress_runner.js:165453:10)\n    at Promise._settlePromises (http://localhost:45681/__cypress/runner/cypress_runner.js:165528:18)\n    at Async../node_modules/bluebird/js/release/async.js.Async._drainQueue (http://localhost:45681/__cypress/runner/cypress_runner.js:162140:16)\n    at Async../node_modules/bluebird/js/release/async.js.Async._drainQueues (http://localhost:45681/__cypress/runner/cypress_runner.js:162150:10)\n    at Async.drainQueues (http://localhost:45681/__cypress/runner/cypress_runner.js:162024:14)",
                "diff": null
              },
              "uuid": "8843a708-b46d-4b6b-948f-099dfb779e27",
              "parentUUID": "b9fd33df-d61d-4555-9160-0f58485c1892",
              "isHook": false,
              "skipped": false
            },
            {
              "title": "Verifica se existe um botão com o id `generate-board`",
              "fullTitle": "10 - Faça o quadro de pixels ter seu tamanho definido pelo usuário. Verifica se existe um botão com o id `generate-board`",
              "timedOut": null,
              "duration": 4225,
              "state": "failed",
              "speed": null,
              "pass": false,
              "fail": true,
              "pending": false,
              "context": null,
              "code": "cy.get('#generate-board').should('be.visible');",
              "err": {
                "message": "CypressError: Timed out retrying: Expected to find element: '#generate-board', but never found it.",
                "estack": "CypressError: Timed out retrying: Expected to find element: '#generate-board', but never found it.\n    at cypressErr (http://localhost:45681/__cypress/runner/cypress_runner.js:149934:9)\n    at throwErr (http://localhost:45681/__cypress/runner/cypress_runner.js:149867:11)\n    at Object.throwErrByPath (http://localhost:45681/__cypress/runner/cypress_runner.js:149915:3)\n    at retry (http://localhost:45681/__cypress/runner/cypress_runner.js:144197:19)\n    at onFailFn (http://localhost:45681/__cypress/runner/cypress_runner.js:132448:16)\n    at tryCatcher (http://localhost:45681/__cypress/runner/cypress_runner.js:167415:23)\n    at Promise._settlePromiseFromHandler (http://localhost:45681/__cypress/runner/cypress_runner.js:165351:31)\n    at Promise._settlePromise (http://localhost:45681/__cypress/runner/cypress_runner.js:165408:18)\n    at Promise._settlePromise0 (http://localhost:45681/__cypress/runner/cypress_runner.js:165453:10)\n    at Promise._settlePromises (http://localhost:45681/__cypress/runner/cypress_runner.js:165528:18)\n    at Async../node_modules/bluebird/js/release/async.js.Async._drainQueue (http://localhost:45681/__cypress/runner/cypress_runner.js:162140:16)\n    at Async../node_modules/bluebird/js/release/async.js.Async._drainQueues (http://localhost:45681/__cypress/runner/cypress_runner.js:162150:10)\n    at Async.drainQueues (http://localhost:45681/__cypress/runner/cypress_runner.js:162024:14)",
                "diff": null
              },
              "uuid": "a3cf0f59-8627-4fa8-b9f5-9b93f3e261ba",
              "parentUUID": "b9fd33df-d61d-4555-9160-0f58485c1892",
              "isHook": false,
              "skipped": false
            },
            {
              "title": "Verifica se o input só aceita número maiores que zero. Essa restrição deve ser feita usando os atributos do elemento `input`",
              "fullTitle": "10 - Faça o quadro de pixels ter seu tamanho definido pelo usuário. Verifica se o input só aceita número maiores que zero. Essa restrição deve ser feita usando os atributos do elemento `input`",
              "timedOut": null,
              "duration": 4230,
              "state": "failed",
              "speed": null,
              "pass": false,
              "fail": true,
              "pending": false,
              "context": null,
              "code": "cy.get('#board-size[type=\\'number\\'][min=\\'1\\']');",
              "err": {
                "message": "CypressError: Timed out retrying: Expected to find element: '#board-size[type='number'][min='1']', but never found it.",
                "estack": "CypressError: Timed out retrying: Expected to find element: '#board-size[type='number'][min='1']', but never found it.\n    at cypressErr (http://localhost:45681/__cypress/runner/cypress_runner.js:149934:9)\n    at throwErr (http://localhost:45681/__cypress/runner/cypress_runner.js:149867:11)\n    at Object.throwErrByPath (http://localhost:45681/__cypress/runner/cypress_runner.js:149915:3)\n    at retry (http://localhost:45681/__cypress/runner/cypress_runner.js:144197:19)\n    at onFailFn (http://localhost:45681/__cypress/runner/cypress_runner.js:132448:16)\n    at tryCatcher (http://localhost:45681/__cypress/runner/cypress_runner.js:167415:23)\n    at Promise._settlePromiseFromHandler (http://localhost:45681/__cypress/runner/cypress_runner.js:165351:31)\n    at Promise._settlePromise (http://localhost:45681/__cypress/runner/cypress_runner.js:165408:18)\n    at Promise._settlePromise0 (http://localhost:45681/__cypress/runner/cypress_runner.js:165453:10)\n    at Promise._settlePromises (http://localhost:45681/__cypress/runner/cypress_runner.js:165528:18)\n    at Async../node_modules/bluebird/js/release/async.js.Async._drainQueue (http://localhost:45681/__cypress/runner/cypress_runner.js:162140:16)\n    at Async../node_modules/bluebird/js/release/async.js.Async._drainQueues (http://localhost:45681/__cypress/runner/cypress_runner.js:162150:10)\n    at Async.drainQueues (http://localhost:45681/__cypress/runner/cypress_runner.js:162024:14)",
                "diff": null
              },
              "uuid": "1c6d6036-2882-45c3-9750-3072e0c6d1ff",
              "parentUUID": "b9fd33df-d61d-4555-9160-0f58485c1892",
              "isHook": false,
              "skipped": false
            },
            {
              "title": "Verifica se o botão contém o texto 'VQV'",
              "fullTitle": "10 - Faça o quadro de pixels ter seu tamanho definido pelo usuário. Verifica se o botão contém o texto 'VQV'",
              "timedOut": null,
              "duration": 4231,
              "state": "failed",
              "speed": null,
              "pass": false,
              "fail": true,
              "pending": false,
              "context": null,
              "code": "cy.get('#generate-board').contains(/vqv/i);",
              "err": {
                "message": "CypressError: Timed out retrying: Expected to find element: '#generate-board', but never found it.",
                "estack": "CypressError: Timed out retrying: Expected to find element: '#generate-board', but never found it.\n    at cypressErr (http://localhost:45681/__cypress/runner/cypress_runner.js:149934:9)\n    at throwErr (http://localhost:45681/__cypress/runner/cypress_runner.js:149867:11)\n    at Object.throwErrByPath (http://localhost:45681/__cypress/runner/cypress_runner.js:149915:3)\n    at retry (http://localhost:45681/__cypress/runner/cypress_runner.js:144197:19)\n    at onFailFn (http://localhost:45681/__cypress/runner/cypress_runner.js:132448:16)\n    at tryCatcher (http://localhost:45681/__cypress/runner/cypress_runner.js:167415:23)\n    at Promise._settlePromiseFromHandler (http://localhost:45681/__cypress/runner/cypress_runner.js:165351:31)\n    at Promise._settlePromise (http://localhost:45681/__cypress/runner/cypress_runner.js:165408:18)\n    at Promise._settlePromise0 (http://localhost:45681/__cypress/runner/cypress_runner.js:165453:10)\n    at Promise._settlePromises (http://localhost:45681/__cypress/runner/cypress_runner.js:165528:18)\n    at Async../node_modules/bluebird/js/release/async.js.Async._drainQueue (http://localhost:45681/__cypress/runner/cypress_runner.js:162140:16)\n    at Async../node_modules/bluebird/js/release/async.js.Async._drainQueues (http://localhost:45681/__cypress/runner/cypress_runner.js:162150:10)\n    at Async.drainQueues (http://localhost:45681/__cypress/runner/cypress_runner.js:162024:14)",
                "diff": null
              },
              "uuid": "a0b8b80a-064e-468f-8ddd-cfa0eedf14d8",
              "parentUUID": "b9fd33df-d61d-4555-9160-0f58485c1892",
              "isHook": false,
              "skipped": false
            },
            {
              "title": "Verifica se o input está posicionado entre a paleta de cores e o quadro de pixels",
              "fullTitle": "10 - Faça o quadro de pixels ter seu tamanho definido pelo usuário. Verifica se o input está posicionado entre a paleta de cores e o quadro de pixels",
              "timedOut": null,
              "duration": 4217,
              "state": "failed",
              "speed": null,
              "pass": false,
              "fail": true,
              "pending": false,
              "context": null,
              "code": "cy.get('#color-palette').then(function (palette) {\n  cy.get('#board-size').should('be.belowOf', palette);\n});\ncy.get('#board-size').then(function (palette) {\n  cy.get('#pixel-board').should('be.belowOf', palette);\n});",
              "err": {
                "message": "CypressError: Timed out retrying: Expected to find element: '#board-size', but never found it.",
                "estack": "CypressError: Timed out retrying: Expected to find element: '#board-size', but never found it.\n    at cypressErr (http://localhost:45681/__cypress/runner/cypress_runner.js:149934:9)\n    at throwErr (http://localhost:45681/__cypress/runner/cypress_runner.js:149867:11)\n    at Object.throwErrByPath (http://localhost:45681/__cypress/runner/cypress_runner.js:149915:3)\n    at retry (http://localhost:45681/__cypress/runner/cypress_runner.js:144197:19)\n    at onFailFn (http://localhost:45681/__cypress/runner/cypress_runner.js:132448:16)\n    at tryCatcher (http://localhost:45681/__cypress/runner/cypress_runner.js:167415:23)\n    at Promise._settlePromiseFromHandler (http://localhost:45681/__cypress/runner/cypress_runner.js:165351:31)\n    at Promise._settlePromise (http://localhost:45681/__cypress/runner/cypress_runner.js:165408:18)\n    at Promise._settlePromise0 (http://localhost:45681/__cypress/runner/cypress_runner.js:165453:10)\n    at Promise._settlePromises (http://localhost:45681/__cypress/runner/cypress_runner.js:165528:18)\n    at Async../node_modules/bluebird/js/release/async.js.Async._drainQueue (http://localhost:45681/__cypress/runner/cypress_runner.js:162140:16)\n    at Async../node_modules/bluebird/js/release/async.js.Async._drainQueues (http://localhost:45681/__cypress/runner/cypress_runner.js:162150:10)\n    at Async.drainQueues (http://localhost:45681/__cypress/runner/cypress_runner.js:162024:14)",
                "diff": null
              },
              "uuid": "2b813518-7a5e-4bc6-a379-ce8fab78c0ab",
              "parentUUID": "b9fd33df-d61d-4555-9160-0f58485c1892",
              "isHook": false,
              "skipped": false
            },
            {
              "title": "Verifica se o botão está posicionado ao lado do input",
              "fullTitle": "10 - Faça o quadro de pixels ter seu tamanho definido pelo usuário. Verifica se o botão está posicionado ao lado do input",
              "timedOut": null,
              "duration": 4246,
              "state": "failed",
              "speed": null,
              "pass": false,
              "fail": true,
              "pending": false,
              "context": null,
              "code": "cy.get('#board-size').then(function (board) {\n  cy.get('#generate-board').should('be.onTheRightOf', board);\n});",
              "err": {
                "message": "CypressError: Timed out retrying: Expected to find element: '#board-size', but never found it.",
                "estack": "CypressError: Timed out retrying: Expected to find element: '#board-size', but never found it.\n    at cypressErr (http://localhost:45681/__cypress/runner/cypress_runner.js:149934:9)\n    at throwErr (http://localhost:45681/__cypress/runner/cypress_runner.js:149867:11)\n    at Object.throwErrByPath (http://localhost:45681/__cypress/runner/cypress_runner.js:149915:3)\n    at retry (http://localhost:45681/__cypress/runner/cypress_runner.js:144197:19)\n    at onFailFn (http://localhost:45681/__cypress/runner/cypress_runner.js:132448:16)\n    at tryCatcher (http://localhost:45681/__cypress/runner/cypress_runner.js:167415:23)\n    at Promise._settlePromiseFromHandler (http://localhost:45681/__cypress/runner/cypress_runner.js:165351:31)\n    at Promise._settlePromise (http://localhost:45681/__cypress/runner/cypress_runner.js:165408:18)\n    at Promise._settlePromise0 (http://localhost:45681/__cypress/runner/cypress_runner.js:165453:10)\n    at Promise._settlePromises (http://localhost:45681/__cypress/runner/cypress_runner.js:165528:18)\n    at Async../node_modules/bluebird/js/release/async.js.Async._drainQueue (http://localhost:45681/__cypress/runner/cypress_runner.js:162140:16)\n    at Async../node_modules/bluebird/js/release/async.js.Async._drainQueues (http://localhost:45681/__cypress/runner/cypress_runner.js:162150:10)\n    at Async.drainQueues (http://localhost:45681/__cypress/runner/cypress_runner.js:162024:14)",
                "diff": null
              },
              "uuid": "593a4e9a-e23f-4135-8a30-3ea45c6bb14b",
              "parentUUID": "b9fd33df-d61d-4555-9160-0f58485c1892",
              "isHook": false,
              "skipped": false
            },
            {
              "title": "Verifica se nenhum valor for colocado no input ao clicar no botão, um `alert` é exibido com o texto: 'Board inválido!'",
              "fullTitle": "10 - Faça o quadro de pixels ter seu tamanho definido pelo usuário. Verifica se nenhum valor for colocado no input ao clicar no botão, um `alert` é exibido com o texto: 'Board inválido!'",
              "timedOut": null,
              "duration": 4275,
              "state": "failed",
              "speed": null,
              "pass": false,
              "fail": true,
              "pending": false,
              "context": null,
              "code": "var alerted = false;\ncy.on('window:alert', function (msg) {\n  return alerted = msg;\n});\ncy.get('#generate-board').click().then(function () {\n  return expect(alerted).to.match(/Board inválido!/i);\n});",
              "err": {
                "message": "CypressError: Timed out retrying: Expected to find element: '#generate-board', but never found it.",
                "estack": "CypressError: Timed out retrying: Expected to find element: '#generate-board', but never found it.\n    at cypressErr (http://localhost:45681/__cypress/runner/cypress_runner.js:149934:9)\n    at throwErr (http://localhost:45681/__cypress/runner/cypress_runner.js:149867:11)\n    at Object.throwErrByPath (http://localhost:45681/__cypress/runner/cypress_runner.js:149915:3)\n    at retry (http://localhost:45681/__cypress/runner/cypress_runner.js:144197:19)\n    at onFailFn (http://localhost:45681/__cypress/runner/cypress_runner.js:132448:16)\n    at tryCatcher (http://localhost:45681/__cypress/runner/cypress_runner.js:167415:23)\n    at Promise._settlePromiseFromHandler (http://localhost:45681/__cypress/runner/cypress_runner.js:165351:31)\n    at Promise._settlePromise (http://localhost:45681/__cypress/runner/cypress_runner.js:165408:18)\n    at Promise._settlePromise0 (http://localhost:45681/__cypress/runner/cypress_runner.js:165453:10)\n    at Promise._settlePromises (http://localhost:45681/__cypress/runner/cypress_runner.js:165528:18)\n    at Async../node_modules/bluebird/js/release/async.js.Async._drainQueue (http://localhost:45681/__cypress/runner/cypress_runner.js:162140:16)\n    at Async../node_modules/bluebird/js/release/async.js.Async._drainQueues (http://localhost:45681/__cypress/runner/cypress_runner.js:162150:10)\n    at Async.drainQueues (http://localhost:45681/__cypress/runner/cypress_runner.js:162024:14)",
                "diff": null
              },
              "uuid": "012a484e-10ee-46e1-927e-5611cc410802",
              "parentUUID": "b9fd33df-d61d-4555-9160-0f58485c1892",
              "isHook": false,
              "skipped": false
            },
            {
              "title": "Verifica se ao clicar no botão com um valor preenchido, o tamanho do board muda.",
              "fullTitle": "10 - Faça o quadro de pixels ter seu tamanho definido pelo usuário. Verifica se ao clicar no botão com um valor preenchido, o tamanho do board muda.",
              "timedOut": null,
              "duration": 4220,
              "state": "failed",
              "speed": null,
              "pass": false,
              "fail": true,
              "pending": false,
              "context": null,
              "code": "cy.get('#board-size').clear().type(10);\ncy.get('#generate-board').click();\ncy.get('.pixel').should('have.length', 100);",
              "err": {
                "message": "CypressError: Timed out retrying: Expected to find element: '#board-size', but never found it.",
                "estack": "CypressError: Timed out retrying: Expected to find element: '#board-size', but never found it.\n    at cypressErr (http://localhost:45681/__cypress/runner/cypress_runner.js:149934:9)\n    at throwErr (http://localhost:45681/__cypress/runner/cypress_runner.js:149867:11)\n    at Object.throwErrByPath (http://localhost:45681/__cypress/runner/cypress_runner.js:149915:3)\n    at retry (http://localhost:45681/__cypress/runner/cypress_runner.js:144197:19)\n    at onFailFn (http://localhost:45681/__cypress/runner/cypress_runner.js:132448:16)\n    at tryCatcher (http://localhost:45681/__cypress/runner/cypress_runner.js:167415:23)\n    at Promise._settlePromiseFromHandler (http://localhost:45681/__cypress/runner/cypress_runner.js:165351:31)\n    at Promise._settlePromise (http://localhost:45681/__cypress/runner/cypress_runner.js:165408:18)\n    at Promise._settlePromise0 (http://localhost:45681/__cypress/runner/cypress_runner.js:165453:10)\n    at Promise._settlePromises (http://localhost:45681/__cypress/runner/cypress_runner.js:165528:18)\n    at Async../node_modules/bluebird/js/release/async.js.Async._drainQueue (http://localhost:45681/__cypress/runner/cypress_runner.js:162140:16)\n    at Async../node_modules/bluebird/js/release/async.js.Async._drainQueues (http://localhost:45681/__cypress/runner/cypress_runner.js:162150:10)\n    at Async.drainQueues (http://localhost:45681/__cypress/runner/cypress_runner.js:162024:14)",
                "diff": null
              },
              "uuid": "d0ee04fa-0ffe-46b1-8fb1-a43c7dcd180d",
              "parentUUID": "b9fd33df-d61d-4555-9160-0f58485c1892",
              "isHook": false,
              "skipped": false
            },
            {
              "title": "Verifica se o novo quadro tem todos os pixels preenchidos com a cor branca",
              "fullTitle": "10 - Faça o quadro de pixels ter seu tamanho definido pelo usuário. Verifica se o novo quadro tem todos os pixels preenchidos com a cor branca",
              "timedOut": null,
              "duration": 4233,
              "state": "failed",
              "speed": null,
              "pass": false,
              "fail": true,
              "pending": false,
              "context": null,
              "code": "cy.get('#board-size').clear().type(6);\ncy.get('#generate-board').click();\ncy.get('.pixel').should('have.length', 36).each(function (pixel) {\n  expect(pixel).to.have.css('background-color', WHITE);\n});",
              "err": {
                "message": "CypressError: Timed out retrying: Expected to find element: '#board-size', but never found it.",
                "estack": "CypressError: Timed out retrying: Expected to find element: '#board-size', but never found it.\n    at cypressErr (http://localhost:45681/__cypress/runner/cypress_runner.js:149934:9)\n    at throwErr (http://localhost:45681/__cypress/runner/cypress_runner.js:149867:11)\n    at Object.throwErrByPath (http://localhost:45681/__cypress/runner/cypress_runner.js:149915:3)\n    at retry (http://localhost:45681/__cypress/runner/cypress_runner.js:144197:19)\n    at onFailFn (http://localhost:45681/__cypress/runner/cypress_runner.js:132448:16)\n    at tryCatcher (http://localhost:45681/__cypress/runner/cypress_runner.js:167415:23)\n    at Promise._settlePromiseFromHandler (http://localhost:45681/__cypress/runner/cypress_runner.js:165351:31)\n    at Promise._settlePromise (http://localhost:45681/__cypress/runner/cypress_runner.js:165408:18)\n    at Promise._settlePromise0 (http://localhost:45681/__cypress/runner/cypress_runner.js:165453:10)\n    at Promise._settlePromises (http://localhost:45681/__cypress/runner/cypress_runner.js:165528:18)\n    at Async../node_modules/bluebird/js/release/async.js.Async._drainQueue (http://localhost:45681/__cypress/runner/cypress_runner.js:162140:16)\n    at Async../node_modules/bluebird/js/release/async.js.Async._drainQueues (http://localhost:45681/__cypress/runner/cypress_runner.js:162150:10)\n    at Async.drainQueues (http://localhost:45681/__cypress/runner/cypress_runner.js:162024:14)",
                "diff": null
              },
              "uuid": "bf9e1cae-12ee-4eb1-8a99-0783514cd646",
              "parentUUID": "b9fd33df-d61d-4555-9160-0f58485c1892",
              "isHook": false,
              "skipped": false
            }
          ],
          "suites": [],
          "passes": [],
          "failures": [
            "8843a708-b46d-4b6b-948f-099dfb779e27",
            "a3cf0f59-8627-4fa8-b9f5-9b93f3e261ba",
            "1c6d6036-2882-45c3-9750-3072e0c6d1ff",
            "a0b8b80a-064e-468f-8ddd-cfa0eedf14d8",
            "2b813518-7a5e-4bc6-a379-ce8fab78c0ab",
            "593a4e9a-e23f-4135-8a30-3ea45c6bb14b",
            "012a484e-10ee-46e1-927e-5611cc410802",
            "d0ee04fa-0ffe-46b1-8fb1-a43c7dcd180d",
            "bf9e1cae-12ee-4eb1-8a99-0783514cd646"
          ],
          "pending": [],
          "skipped": [],
          "duration": 38105,
          "root": false,
          "rootEmpty": false,
          "_timeout": 2000
        },
        {
          "uuid": "077b68f6-852b-4c21-a649-a5c71eb227a4",
          "title": "11 - Limite o tamanho mínimo e máximo do board.",
          "fullFile": "",
          "file": "",
          "beforeHooks": [],
          "afterHooks": [],
          "tests": [
            {
              "title": "Verifica se a altura máxima do board é 50",
              "fullTitle": "11 - Limite o tamanho mínimo e máximo do board. Verifica se a altura máxima do board é 50",
              "timedOut": null,
              "duration": 4253,
              "state": "failed",
              "speed": null,
              "pass": false,
              "fail": true,
              "pending": false,
              "context": null,
              "code": "cy.get('#board-size').clear().type(50);\ncy.get('#generate-board').click();\ncy.get('.pixel').should('have.length', 2500);",
              "err": {
                "message": "CypressError: Timed out retrying: Expected to find element: '#board-size', but never found it.",
                "estack": "CypressError: Timed out retrying: Expected to find element: '#board-size', but never found it.\n    at cypressErr (http://localhost:45681/__cypress/runner/cypress_runner.js:149934:9)\n    at throwErr (http://localhost:45681/__cypress/runner/cypress_runner.js:149867:11)\n    at Object.throwErrByPath (http://localhost:45681/__cypress/runner/cypress_runner.js:149915:3)\n    at retry (http://localhost:45681/__cypress/runner/cypress_runner.js:144197:19)\n    at onFailFn (http://localhost:45681/__cypress/runner/cypress_runner.js:132448:16)\n    at tryCatcher (http://localhost:45681/__cypress/runner/cypress_runner.js:167415:23)\n    at Promise._settlePromiseFromHandler (http://localhost:45681/__cypress/runner/cypress_runner.js:165351:31)\n    at Promise._settlePromise (http://localhost:45681/__cypress/runner/cypress_runner.js:165408:18)\n    at Promise._settlePromise0 (http://localhost:45681/__cypress/runner/cypress_runner.js:165453:10)\n    at Promise._settlePromises (http://localhost:45681/__cypress/runner/cypress_runner.js:165528:18)\n    at Async../node_modules/bluebird/js/release/async.js.Async._drainQueue (http://localhost:45681/__cypress/runner/cypress_runner.js:162140:16)\n    at Async../node_modules/bluebird/js/release/async.js.Async._drainQueues (http://localhost:45681/__cypress/runner/cypress_runner.js:162150:10)\n    at Async.drainQueues (http://localhost:45681/__cypress/runner/cypress_runner.js:162024:14)",
                "diff": null
              },
              "uuid": "fcf05b4b-89a2-4110-9601-d42ecaf0c59c",
              "parentUUID": "077b68f6-852b-4c21-a649-a5c71eb227a4",
              "isHook": false,
              "skipped": false
            },
            {
              "title": "Verifica se a altura do board é 5 quando um valor menor é colocado no input",
              "fullTitle": "11 - Limite o tamanho mínimo e máximo do board. Verifica se a altura do board é 5 quando um valor menor é colocado no input",
              "timedOut": null,
              "duration": 4221,
              "state": "failed",
              "speed": null,
              "pass": false,
              "fail": true,
              "pending": false,
              "context": null,
              "code": "cy.get('#board-size').clear().type(4);\ncy.get('#generate-board').click();\ncy.get('.pixel').should('have.length', 25);",
              "err": {
                "message": "CypressError: Timed out retrying: Expected to find element: '#board-size', but never found it.",
                "estack": "CypressError: Timed out retrying: Expected to find element: '#board-size', but never found it.\n    at cypressErr (http://localhost:45681/__cypress/runner/cypress_runner.js:149934:9)\n    at throwErr (http://localhost:45681/__cypress/runner/cypress_runner.js:149867:11)\n    at Object.throwErrByPath (http://localhost:45681/__cypress/runner/cypress_runner.js:149915:3)\n    at retry (http://localhost:45681/__cypress/runner/cypress_runner.js:144197:19)\n    at onFailFn (http://localhost:45681/__cypress/runner/cypress_runner.js:132448:16)\n    at tryCatcher (http://localhost:45681/__cypress/runner/cypress_runner.js:167415:23)\n    at Promise._settlePromiseFromHandler (http://localhost:45681/__cypress/runner/cypress_runner.js:165351:31)\n    at Promise._settlePromise (http://localhost:45681/__cypress/runner/cypress_runner.js:165408:18)\n    at Promise._settlePromise0 (http://localhost:45681/__cypress/runner/cypress_runner.js:165453:10)\n    at Promise._settlePromises (http://localhost:45681/__cypress/runner/cypress_runner.js:165528:18)\n    at Async../node_modules/bluebird/js/release/async.js.Async._drainQueue (http://localhost:45681/__cypress/runner/cypress_runner.js:162140:16)\n    at Async../node_modules/bluebird/js/release/async.js.Async._drainQueues (http://localhost:45681/__cypress/runner/cypress_runner.js:162150:10)\n    at Async.drainQueues (http://localhost:45681/__cypress/runner/cypress_runner.js:162024:14)",
                "diff": null
              },
              "uuid": "46afe78f-f415-48f0-8828-c7d5e5ee5bb8",
              "parentUUID": "077b68f6-852b-4c21-a649-a5c71eb227a4",
              "isHook": false,
              "skipped": false
            },
            {
              "title": "Verifica se a altura do board é 50 quando um valor maior é colocado no input",
              "fullTitle": "11 - Limite o tamanho mínimo e máximo do board. Verifica se a altura do board é 50 quando um valor maior é colocado no input",
              "timedOut": null,
              "duration": 4219,
              "state": "failed",
              "speed": null,
              "pass": false,
              "fail": true,
              "pending": false,
              "context": null,
              "code": "cy.get('#board-size').clear().type(51);\ncy.get('#generate-board').click();\ncy.get('.pixel').should('have.length', 2500);",
              "err": {
                "message": "CypressError: Timed out retrying: Expected to find element: '#board-size', but never found it.",
                "estack": "CypressError: Timed out retrying: Expected to find element: '#board-size', but never found it.\n    at cypressErr (http://localhost:45681/__cypress/runner/cypress_runner.js:149934:9)\n    at throwErr (http://localhost:45681/__cypress/runner/cypress_runner.js:149867:11)\n    at Object.throwErrByPath (http://localhost:45681/__cypress/runner/cypress_runner.js:149915:3)\n    at retry (http://localhost:45681/__cypress/runner/cypress_runner.js:144197:19)\n    at onFailFn (http://localhost:45681/__cypress/runner/cypress_runner.js:132448:16)\n    at tryCatcher (http://localhost:45681/__cypress/runner/cypress_runner.js:167415:23)\n    at Promise._settlePromiseFromHandler (http://localhost:45681/__cypress/runner/cypress_runner.js:165351:31)\n    at Promise._settlePromise (http://localhost:45681/__cypress/runner/cypress_runner.js:165408:18)\n    at Promise._settlePromise0 (http://localhost:45681/__cypress/runner/cypress_runner.js:165453:10)\n    at Promise._settlePromises (http://localhost:45681/__cypress/runner/cypress_runner.js:165528:18)\n    at Async../node_modules/bluebird/js/release/async.js.Async._drainQueue (http://localhost:45681/__cypress/runner/cypress_runner.js:162140:16)\n    at Async../node_modules/bluebird/js/release/async.js.Async._drainQueues (http://localhost:45681/__cypress/runner/cypress_runner.js:162150:10)\n    at Async.drainQueues (http://localhost:45681/__cypress/runner/cypress_runner.js:162024:14)",
                "diff": null
              },
              "uuid": "05802f48-a40d-41a5-b301-e1e8fb2d167b",
              "parentUUID": "077b68f6-852b-4c21-a649-a5c71eb227a4",
              "isHook": false,
              "skipped": false
            }
          ],
          "suites": [],
          "passes": [],
          "failures": [
            "fcf05b4b-89a2-4110-9601-d42ecaf0c59c",
            "46afe78f-f415-48f0-8828-c7d5e5ee5bb8",
            "05802f48-a40d-41a5-b301-e1e8fb2d167b"
          ],
          "pending": [],
          "skipped": [],
          "duration": 12693,
          "root": false,
          "rootEmpty": false,
          "_timeout": 2000
        },
        {
          "uuid": "52e19b40-0fc7-49cd-8d88-9d0473492109",
          "title": "12 - Faça com que as cores da paleta sejam geradas aleatoriamente ao carregar a página.",
          "fullFile": "",
          "file": "",
          "beforeHooks": [],
          "afterHooks": [],
          "tests": [
            {
              "title": "Verifica se as cores geradas na paleta são diferentes a cada carregamento da página",
              "fullTitle": "12 - Faça com que as cores da paleta sejam geradas aleatoriamente ao carregar a página. Verifica se as cores geradas na paleta são diferentes a cada carregamento da página",
              "timedOut": null,
              "duration": 300,
              "state": "failed",
              "speed": null,
              "pass": false,
              "fail": true,
              "pending": false,
              "context": null,
              "code": "cy.get('.color').then(function (colors) {\n  var currentColors;\n  var previousColors;\n  previousColors = Array.from(colors).map(function (color) {\n    return Cypress.$(color).css('background-color');\n  });\n  for (var i = 0; i < 5; i += 1) {\n    cy.reload();\n    cy.get('.color').then(function (colors) {\n      currentColors = Array.from(colors).map(function (color) {\n        return Cypress.$(color).css('background-color');\n      });\n      expect(currentColors).not.to.deep.equal(previousColors);\n      previousColors = currentColors;\n    });\n  }\n});",
              "err": {
                "message": "AssertionError: expected [ Array(4) ] to not deeply equal [ Array(4) ]",
                "estack": "AssertionError: expected [ Array(4) ] to not deeply equal [ Array(4) ]\n    at getRet (http://localhost:45681/__cypress/runner/cypress_runner.js:136585:16)\n    at tryCatcher (http://localhost:45681/__cypress/runner/cypress_runner.js:167415:23)\n    at Function.Promise.attempt.Promise.try (http://localhost:45681/__cypress/runner/cypress_runner.js:164690:29)\n    at Context.thenFn (http://localhost:45681/__cypress/runner/cypress_runner.js:136599:23)\n    at Context.then (http://localhost:45681/__cypress/runner/cypress_runner.js:136971:21)\n    at Context.<anonymous> (http://localhost:45681/__cypress/runner/cypress_runner.js:148875:21)\n    at http://localhost:45681/__cypress/runner/cypress_runner.js:148351:33\n    at tryCatcher (http://localhost:45681/__cypress/runner/cypress_runner.js:167415:23)\n    at Promise._settlePromiseFromHandler (http://localhost:45681/__cypress/runner/cypress_runner.js:165351:31)\n    at Promise._settlePromise (http://localhost:45681/__cypress/runner/cypress_runner.js:165408:18)\n    at Promise._settlePromiseCtx (http://localhost:45681/__cypress/runner/cypress_runner.js:165445:10)\n    at Async../node_modules/bluebird/js/release/async.js.Async._drainQueue (http://localhost:45681/__cypress/runner/cypress_runner.js:162145:12)\n    at Async../node_modules/bluebird/js/release/async.js.Async._drainQueues (http://localhost:45681/__cypress/runner/cypress_runner.js:162150:10)\n    at Async.drainQueues (http://localhost:45681/__cypress/runner/cypress_runner.js:162024:14)",
                "diff": ""
              },
              "uuid": "66f49abc-2f40-4326-ba8e-990bb4867b73",
              "parentUUID": "52e19b40-0fc7-49cd-8d88-9d0473492109",
              "isHook": false,
              "skipped": false
            },
            {
              "title": "Verifica se a cor preta ainda está presente e é a primeira na sua paleta de cores",
              "fullTitle": "12 - Faça com que as cores da paleta sejam geradas aleatoriamente ao carregar a página. Verifica se a cor preta ainda está presente e é a primeira na sua paleta de cores",
              "timedOut": null,
              "duration": 249,
              "state": "failed",
              "speed": null,
              "pass": false,
              "fail": true,
              "pending": false,
              "context": null,
              "code": "cy.get('.color').then(function (colors) {\n  var currentColors;\n  var previousColors;\n  previousColors = Array.from(colors).map(function (color) {\n    return Cypress.$(color).css('background-color');\n  });\n  expect(previousColors[0]).to.eq(BLACK);\n  for (var i = 0; i < 5; i += 1) {\n    cy.reload();\n    cy.get('.color').then(function (colors) {\n      currentColors = Array.from(colors).map(function (color) {\n        return Cypress.$(color).css('background-color');\n      });\n      expect(currentColors[0]).to.eq(BLACK);\n      expect(currentColors).not.to.deep.equal(previousColors);\n      previousColors = currentColors;\n    });\n  }\n});",
              "err": {
                "message": "AssertionError: expected [ Array(4) ] to not deeply equal [ Array(4) ]",
                "estack": "AssertionError: expected [ Array(4) ] to not deeply equal [ Array(4) ]\n    at getRet (http://localhost:45681/__cypress/runner/cypress_runner.js:136585:16)\n    at tryCatcher (http://localhost:45681/__cypress/runner/cypress_runner.js:167415:23)\n    at Function.Promise.attempt.Promise.try (http://localhost:45681/__cypress/runner/cypress_runner.js:164690:29)\n    at Context.thenFn (http://localhost:45681/__cypress/runner/cypress_runner.js:136599:23)\n    at Context.then (http://localhost:45681/__cypress/runner/cypress_runner.js:136971:21)\n    at Context.<anonymous> (http://localhost:45681/__cypress/runner/cypress_runner.js:148875:21)\n    at http://localhost:45681/__cypress/runner/cypress_runner.js:148351:33\n    at tryCatcher (http://localhost:45681/__cypress/runner/cypress_runner.js:167415:23)\n    at Promise._settlePromiseFromHandler (http://localhost:45681/__cypress/runner/cypress_runner.js:165351:31)\n    at Promise._settlePromise (http://localhost:45681/__cypress/runner/cypress_runner.js:165408:18)\n    at Promise._settlePromiseCtx (http://localhost:45681/__cypress/runner/cypress_runner.js:165445:10)\n    at Async../node_modules/bluebird/js/release/async.js.Async._drainQueue (http://localhost:45681/__cypress/runner/cypress_runner.js:162145:12)\n    at Async../node_modules/bluebird/js/release/async.js.Async._drainQueues (http://localhost:45681/__cypress/runner/cypress_runner.js:162150:10)\n    at Async.drainQueues (http://localhost:45681/__cypress/runner/cypress_runner.js:162024:14)",
                "diff": ""
              },
              "uuid": "556c3a5c-0602-432e-a187-d33f12c98d6c",
              "parentUUID": "52e19b40-0fc7-49cd-8d88-9d0473492109",
              "isHook": false,
              "skipped": false
            }
          ],
          "suites": [],
          "passes": [],
          "failures": [
            "66f49abc-2f40-4326-ba8e-990bb4867b73",
            "556c3a5c-0602-432e-a187-d33f12c98d6c"
          ],
          "pending": [],
          "skipped": [],
          "duration": 549,
          "root": false,
          "rootEmpty": false,
          "_timeout": 2000
        }
      ],
      "passes": [],
      "failures": [],
      "pending": [],
      "skipped": [],
      "duration": 0,
      "root": true,
      "rootEmpty": true,
      "_timeout": 2000
    }
  ],
  "meta": {
    "mocha": {
      "version": "7.0.1"
    },
    "mochawesome": {
      "options": {
        "quiet": false,
        "reportFilename": "mochawesome",
        "saveHtml": false,
        "saveJson": true,
        "consoleReporter": "spec",
        "useInlineDiffs": false
      },
      "version": "4.1.0"
    },
    "marge": {
      "options": {
        "id": "default",
        "reportDir": "cypress/reports",
        "overwrite": true,
        "html": false,
        "json": true
      },
      "version": "4.1.0"
    }
  }
}